2, 835.6659615039825, 835.7418637275696, 1 , 44.80892810188109, 0.038668264912449714, 0.02470303657557137, 0.47836966974436773, 5.561263810898983, 0.29675131247831876, -3.1514787811426406e-06, 0.012539188911182036, 390625
2, 672.4309062957764, 672.5055265426636, 2 , 44.80892810188109, 0.038668264912449714, 0.02470303657557137, 0.47836966974436773, 5.561263810898983, 0.29675131247831876, -3.1514787811426406e-06, 0.012539188911182036, 390625
2, 613.1818680763245, 613.2564911842346, 3 , 44.80892810188109, 0.038668264912449714, 0.02470303657557137, 0.47836966974436773, 5.561263810898983, 0.29675131247831876, -3.1514787811426406e-06, 0.012539188911182036, 390625
2, 584.4592819213867, 584.528158903122, 4 , 44.80892810188109, 0.038668264912449714, 0.02470303657557137, 0.47836966974436773, 5.561263810898983, 0.29675131247831876, -3.1514787811426406e-06, 0.012539188911182036, 390625
2, 567.6041624546051, 567.6762638092041, 5 , 44.80892810188109, 0.038668264912449714, 0.02470303657557137, 0.47836966974436773, 5.561263810898983, 0.29675131247831876, -3.1514787811426406e-06, 0.012539188911182036, 390625
2, 551.3851516246796, 551.4540073871613, 6 , 44.80892810188109, 0.038668264912449714, 0.02470303657557137, 0.47836966974436773, 5.561263810898983, 0.29675131247831876, -3.1514787811426406e-06, 0.012539188911182036, 390625
2, 543.7093031406403, 543.7821798324585, 7 , 44.80892810188109, 0.038668264912449714, 0.02470303657557137, 0.47836966974436773, 5.561263810898983, 0.29675131247831876, -3.1514787811426406e-06, 0.012539188911182036, 390625
2, 543.6011509895325, 543.6698095798492, 8 , 44.80892810188109, 0.038668264912449714, 0.02470303657557137, 0.47836966974436773, 5.561263810898983, 0.29675131247831876, -3.1514787811426406e-06, 0.012539188911182036, 390625
2, 535.2034339904785, 535.2765629291534, 9 , 44.80892810188109, 0.038668264912449714, 0.02470303657557137, 0.47836966974436773, 5.561263810898983, 0.29675131247831876, -3.1514787811426406e-06, 0.012539188911182036, 390625
2, 527.4532334804535, 527.5230994224548, 10 , 44.80892810188109, 0.038668264912449714, 0.02470303657557137, 0.47836966974436773, 5.561263810898983, 0.29675131247831876, -3.1514787811426406e-06, 0.012539188911182036, 390625
2, 527.2922096252441, 527.3654553890228, 11 , 44.80892810188109, 0.038668264912449714, 0.02470303657557137, 0.47836966974436773, 5.561263810898983, 0.29675131247831876, -3.1514787811426406e-06, 0.012539188911182036, 390625
2, 521.72851729393, 521.7985143661499, 12 , 44.80892810188109, 0.038668264912449714, 0.02470303657557137, 0.47836966974436773, 5.561263810898983, 0.29675131247831876, -3.1514787811426406e-06, 0.012539188911182036, 390625
2, 523.0982654094696, 523.1713166236877, 13 , 44.80892810188109, 0.038668264912449714, 0.02470303657557137, 0.47836966974436773, 5.561263810898983, 0.29675131247831876, -3.1514787811426406e-06, 0.012539188911182036, 390625
2, 517.5693950653076, 517.6391110420227, 14 , 44.80892810188109, 0.038668264912449714, 0.02470303657557137, 0.47836966974436773, 5.561263810898983, 0.29675131247831876, -3.1514787811426406e-06, 0.012539188911182036, 390625
2, 519.1221063137054, 519.1950581073761, 15 , 44.80892810188109, 0.038668264912449714, 0.02470303657557137, 0.47836966974436773, 5.561263810898983, 0.29675131247831876, -3.1514787811426406e-06, 0.012539188911182036, 390625
2, 514.188800573349, 514.2585549354553, 16 , 44.80892810188109, 0.038668264912449714, 0.02470303657557137, 0.47836966974436773, 5.561263810898983, 0.29675131247831876, -3.1514787811426406e-06, 0.012539188911182036, 390625
2, 514.6137101650238, 514.6867249011993, 17 , 44.80892810188109, 0.038668264912449714, 0.02470303657557137, 0.47836966974436773, 5.561263810898983, 0.29675131247831876, -3.1514787811426406e-06, 0.012539188911182036, 390625
2, 518.1169276237488, 518.1899816989899, 18 , 44.80892810188109, 0.038668264912449714, 0.02470303657557137, 0.47836966974436773, 5.561263810898983, 0.29675131247831876, -3.1514787811426406e-06, 0.012539188911182036, 390625
2, 510.9908537864685, 511.06528544425964, 19 , 44.80892810188109, 0.038668264912449714, 0.02470303657557137, 0.47836966974436773, 5.561263810898983, 0.29675131247831876, -3.1514787811426406e-06, 0.012539188911182036, 390625
2, 516.1569330692291, 516.2320098876953, 20 , 44.80892810188109, 0.038668264912449714, 0.02470303657557137, 0.47836966974436773, 5.561263810898983, 0.29675131247831876, -3.1514787811426406e-06, 0.012539188911182036, 390625
2, 509.2845051288605, 509.3566184043884, 21 , 44.80892810188109, 0.038668264912449714, 0.02470303657557137, 0.47836966974436773, 5.561263810898983, 0.29675131247831876, -3.1514787811426406e-06, 0.012539188911182036, 390625
2, 515.1971850395203, 515.2702915668488, 22 , 44.80892810188109, 0.038668264912449714, 0.02470303657557137, 0.47836966974436773, 5.561263810898983, 0.29675131247831876, -3.1514787811426406e-06, 0.012539188911182036, 390625
2, 507.7816414833069, 507.8564600944519, 23 , 44.80892810188109, 0.038668264912449714, 0.02470303657557137, 0.47836966974436773, 5.561263810898983, 0.29675131247831876, -3.1514787811426406e-06, 0.012539188911182036, 390625
2, 512.9307477474213, 513.0060155391693, 24 , 44.80892810188109, 0.038668264912449714, 0.02470303657557137, 0.47836966974436773, 5.561263810898983, 0.29675131247831876, -3.1514787811426406e-06, 0.012539188911182036, 390625
2, 506.3452682495117, 506.4182345867157, 25 , 44.80892810188109, 0.038668264912449714, 0.02470303657557137, 0.47836966974436773, 5.561263810898983, 0.29675131247831876, -3.1514787811426406e-06, 0.012539188911182036, 390625
2, 511.7854347229004, 511.85863995552063, 26 , 44.80892810188109, 0.038668264912449714, 0.02470303657557137, 0.47836966974436773, 5.561263810898983, 0.29675131247831876, -3.1514787811426406e-06, 0.012539188911182036, 390625
2, 505.50005555152893, 505.5744776725769, 27 , 44.80892810188109, 0.038668264912449714, 0.02470303657557137, 0.47836966974436773, 5.561263810898983, 0.29675131247831876, -3.1514787811426406e-06, 0.012539188911182036, 390625
2, 511.3892321586609, 511.46491527557373, 28 , 44.80892810188109, 0.038668264912449714, 0.02470303657557137, 0.47836966974436773, 5.561263810898983, 0.29675131247831876, -3.1514787811426406e-06, 0.012539188911182036, 390625
2, 502.5133719444275, 502.5859577655792, 29 , 44.80892810188109, 0.038668264912449714, 0.02470303657557137, 0.47836966974436773, 5.561263810898983, 0.29675131247831876, -3.1514787811426406e-06, 0.012539188911182036, 390625
2, 510.8235890865326, 510.89681601524353, 30 , 44.80892810188109, 0.038668264912449714, 0.02470303657557137, 0.47836966974436773, 5.561263810898983, 0.29675131247831876, -3.1514787811426406e-06, 0.012539188911182036, 390625
2, 501.7404885292053, 501.8154709339142, 31 , 44.80892810188109, 0.038668264912449714, 0.02470303657557137, 0.47836966974436773, 5.561263810898983, 0.29675131247831876, -3.1514787811426406e-06, 0.012539188911182036, 390625
2, 509.3315703868866, 509.4069528579712, 32 , 44.80892810188109, 0.038668264912449714, 0.02470303657557137, 0.47836966974436773, 5.561263810898983, 0.29675131247831876, -3.1514787811426406e-06, 0.012539188911182036, 390625
2, 502.74005579948425, 502.8124017715454, 33 , 44.80892810188109, 0.038668264912449714, 0.02470303657557137, 0.47836966974436773, 5.561263810898983, 0.29675131247831876, -3.1514787811426406e-06, 0.012539188911182036, 390625
2, 509.8038659095764, 509.87745690345764, 34 , 44.80892810188109, 0.038668264912449714, 0.02470303657557137, 0.47836966974436773, 5.561263810898983, 0.29675131247831876, -3.1514787811426406e-06, 0.012539188911182036, 390625
2, 502.4026155471802, 502.4776921272278, 35 , 44.80892810188109, 0.038668264912449714, 0.02470303657557137, 0.47836966974436773, 5.561263810898983, 0.29675131247831876, -3.1514787811426406e-06, 0.012539188911182036, 390625
2, 506.77368354797363, 506.84909534454346, 36 , 44.80892810188109, 0.038668264912449714, 0.02470303657557137, 0.47836966974436773, 5.561263810898983, 0.29675131247831876, -3.1514787811426406e-06, 0.012539188911182036, 390625
2, 501.60378670692444, 501.6767189502716, 37 , 44.80892810188109, 0.038668264912449714, 0.02470303657557137, 0.47836966974436773, 5.561263810898983, 0.29675131247831876, -3.1514787811426406e-06, 0.012539188911182036, 390625
2, 508.35896348953247, 508.4325661659241, 38 , 44.80892810188109, 0.038668264912449714, 0.02470303657557137, 0.47836966974436773, 5.561263810898983, 0.29675131247831876, -3.1514787811426406e-06, 0.012539188911182036, 390625
2, 501.1386618614197, 501.21371579170227, 39 , 44.80892810188109, 0.038668264912449714, 0.02470303657557137, 0.47836966974436773, 5.561263810898983, 0.29675131247831876, -3.1514787811426406e-06, 0.012539188911182036, 390625
4, 508.5509624481201, 508.62287497520447, 1 , 44.80892810188109, 0.038668264912449714, 0.02470303657557137, 0.47836966974436773, 5.561263810898983, 0.29675131247831876, -3.1514787811426406e-06, 0.012539188911182036, 122711, 122882, 145032
4, 289.92600750923157, 289.99711990356445, 2 , 44.80892810188109, 0.038668264912449714, 0.02470303657557137, 0.47836966974436773, 5.561263810898983, 0.29675131247831876, -3.1514787811426406e-06, 0.012539188911182036, 115738, 115890, 158997
4, 220.25734424591064, 220.3279252052307, 3 , 44.80892810188109, 0.038668264912449714, 0.02470303657557137, 0.47836966974436773, 5.561263810898983, 0.29675131247831876, -3.1514787811426406e-06, 0.012539188911182036, 130132, 130230, 130263
4, 190.49913358688354, 190.56552004814148, 4 , 44.80892810188109, 0.038668264912449714, 0.02470303657557137, 0.47836966974436773, 5.561263810898983, 0.29675131247831876, -3.1514787811426406e-06, 0.012539188911182036, 130221, 130192, 130212
4, 181.09576678276062, 181.1635012626648, 5 , 44.80892810188109, 0.038668264912449714, 0.02470303657557137, 0.47836966974436773, 5.561263810898983, 0.29675131247831876, -3.1514787811426406e-06, 0.012539188911182036, 130250, 130105, 130270
4, 175.63272857666016, 175.69751572608948, 6 , 44.80892810188109, 0.038668264912449714, 0.02470303657557137, 0.47836966974436773, 5.561263810898983, 0.29675131247831876, -3.1514787811426406e-06, 0.012539188911182036, 130225, 130236, 130164
4, 176.48014521598816, 176.54888939857483, 7 , 44.80892810188109, 0.038668264912449714, 0.02470303657557137, 0.47836966974436773, 5.561263810898983, 0.29675131247831876, -3.1514787811426406e-06, 0.012539188911182036, 130326, 130284, 130015
4, 174.5571255683899, 174.62231826782227, 8 , 44.80892810188109, 0.038668264912449714, 0.02470303657557137, 0.47836966974436773, 5.561263810898983, 0.29675131247831876, -3.1514787811426406e-06, 0.012539188911182036, 130416, 130080, 130129
4, 176.7686915397644, 176.83691382408142, 9 , 44.80892810188109, 0.038668264912449714, 0.02470303657557137, 0.47836966974436773, 5.561263810898983, 0.29675131247831876, -3.1514787811426406e-06, 0.012539188911182036, 130392, 130203, 130030
4, 174.1649308204651, 174.23007154464722, 10 , 44.80892810188109, 0.038668264912449714, 0.02470303657557137, 0.47836966974436773, 5.561263810898983, 0.29675131247831876, -3.1514787811426406e-06, 0.012539188911182036, 130370, 130265, 129990
4, 175.91823530197144, 175.98665046691895, 11 , 44.80892810188109, 0.038668264912449714, 0.02470303657557137, 0.47836966974436773, 5.561263810898983, 0.29675131247831876, -3.1514787811426406e-06, 0.012539188911182036, 130629, 130086, 129910
4, 173.72303938865662, 173.78802180290222, 12 , 44.80892810188109, 0.038668264912449714, 0.02470303657557137, 0.47836966974436773, 5.561263810898983, 0.29675131247831876, -3.1514787811426406e-06, 0.012539188911182036, 130381, 130308, 129936
4, 175.44212675094604, 175.5103371143341, 13 , 44.80892810188109, 0.038668264912449714, 0.02470303657557137, 0.47836966974436773, 5.561263810898983, 0.29675131247831876, -3.1514787811426406e-06, 0.012539188911182036, 130716, 130026, 129883
4, 172.7677550315857, 172.83838629722595, 14 , 44.80892810188109, 0.038668264912449714, 0.02470303657557137, 0.47836966974436773, 5.561263810898983, 0.29675131247831876, -3.1514787811426406e-06, 0.012539188911182036, 130267, 130270, 130088
4, 175.08754110336304, 175.15850949287415, 15 , 44.80892810188109, 0.038668264912449714, 0.02470303657557137, 0.47836966974436773, 5.561263810898983, 0.29675131247831876, -3.1514787811426406e-06, 0.012539188911182036, 130755, 130045, 129825
4, 172.51159596443176, 172.5803189277649, 16 , 44.80892810188109, 0.038668264912449714, 0.02470303657557137, 0.47836966974436773, 5.561263810898983, 0.29675131247831876, -3.1514787811426406e-06, 0.012539188911182036, 130432, 130112, 130081
4, 175.35392498970032, 175.42491579055786, 17 , 44.80892810188109, 0.038668264912449714, 0.02470303657557137, 0.47836966974436773, 5.561263810898983, 0.29675131247831876, -3.1514787811426406e-06, 0.012539188911182036, 130764, 129812, 130049
4, 174.78481197357178, 174.85510182380676, 18 , 44.80892810188109, 0.038668264912449714, 0.02470303657557137, 0.47836966974436773, 5.561263810898983, 0.29675131247831876, -3.1514787811426406e-06, 0.012539188911182036, 130446, 130039, 130140
4, 173.54854583740234, 173.6179141998291, 19 , 44.80892810188109, 0.038668264912449714, 0.02470303657557137, 0.47836966974436773, 5.561263810898983, 0.29675131247831876, -3.1514787811426406e-06, 0.012539188911182036, 130268, 130017, 130340
4, 172.67368292808533, 172.74488735198975, 20 , 44.80892810188109, 0.038668264912449714, 0.02470303657557137, 0.47836966974436773, 5.561263810898983, 0.29675131247831876, -3.1514787811426406e-06, 0.012539188911182036, 130020, 130505, 130100
4, 173.63906931877136, 173.70852899551392, 21 , 44.80892810188109, 0.038668264912449714, 0.02470303657557137, 0.47836966974436773, 5.561263810898983, 0.29675131247831876, -3.1514787811426406e-06, 0.012539188911182036, 130452, 130053, 130120
4, 174.06576013565063, 174.1371214389801, 22 , 44.80892810188109, 0.038668264912449714, 0.02470303657557137, 0.47836966974436773, 5.561263810898983, 0.29675131247831876, -3.1514787811426406e-06, 0.012539188911182036, 130636, 130130, 129859
4, 172.0044765472412, 172.07309985160828, 23 , 44.80892810188109, 0.038668264912449714, 0.02470303657557137, 0.47836966974436773, 5.561263810898983, 0.29675131247831876, -3.1514787811426406e-06, 0.012539188911182036, 130249, 130081, 130295
4, 172.1980004310608, 172.26881408691406, 24 , 44.80892810188109, 0.038668264912449714, 0.02470303657557137, 0.47836966974436773, 5.561263810898983, 0.29675131247831876, -3.1514787811426406e-06, 0.012539188911182036, 130200, 130297, 130128
4, 173.12318205833435, 173.19219589233398, 25 , 44.80892810188109, 0.038668264912449714, 0.02470303657557137, 0.47836966974436773, 5.561263810898983, 0.29675131247831876, -3.1514787811426406e-06, 0.012539188911182036, 130575, 129975, 130075
4, 173.24504971504211, 173.31630992889404, 26 , 44.80892810188109, 0.038668264912449714, 0.02470303657557137, 0.47836966974436773, 5.561263810898983, 0.29675131247831876, -3.1514787811426406e-06, 0.012539188911182036, 130936, 129637, 130052
4, 172.82611322402954, 172.89463710784912, 27 , 44.80892810188109, 0.038668264912449714, 0.02470303657557137, 0.47836966974436773, 5.561263810898983, 0.29675131247831876, -3.1514787811426406e-06, 0.012539188911182036, 130356, 130264, 130005
4, 173.20870113372803, 173.2799997329712, 28 , 44.80892810188109, 0.038668264912449714, 0.02470303657557137, 0.47836966974436773, 5.561263810898983, 0.29675131247831876, -3.1514787811426406e-06, 0.012539188911182036, 130253, 130340, 130032
4, 174.63611102104187, 174.70419073104858, 29 , 44.80892810188109, 0.038668264912449714, 0.02470303657557137, 0.47836966974436773, 5.561263810898983, 0.29675131247831876, -3.1514787811426406e-06, 0.012539188911182036, 130408, 130384, 129833
4, 171.61560130119324, 171.68671870231628, 30 , 44.80892810188109, 0.038668264912449714, 0.02470303657557137, 0.47836966974436773, 5.561263810898983, 0.29675131247831876, -3.1514787811426406e-06, 0.012539188911182036, 130230, 130380, 130015
4, 173.86085605621338, 173.92968845367432, 31 , 44.80892810188109, 0.038668264912449714, 0.02470303657557137, 0.47836966974436773, 5.561263810898983, 0.29675131247831876, -3.1514787811426406e-06, 0.012539188911182036, 130411, 130324, 129890
4, 173.46314430236816, 173.53425812721252, 32 , 44.80892810188109, 0.038668264912449714, 0.02470303657557137, 0.47836966974436773, 5.561263810898983, 0.29675131247831876, -3.1514787811426406e-06, 0.012539188911182036, 130144, 131073, 129408
4, 173.6830654144287, 173.75173664093018, 33 , 44.80892810188109, 0.038668264912449714, 0.02470303657557137, 0.47836966974436773, 5.561263810898983, 0.29675131247831876, -3.1514787811426406e-06, 0.012539188911182036, 130581, 130288, 129756
4, 172.8166937828064, 172.88785457611084, 34 , 44.80892810188109, 0.038668264912449714, 0.02470303657557137, 0.47836966974436773, 5.561263810898983, 0.29675131247831876, -3.1514787811426406e-06, 0.012539188911182036, 129981, 130696, 129948
4, 173.73619961738586, 173.80510687828064, 35 , 44.80892810188109, 0.038668264912449714, 0.02470303657557137, 0.47836966974436773, 5.561263810898983, 0.29675131247831876, -3.1514787811426406e-06, 0.012539188911182036, 130655, 130130, 129840
4, 172.95843744277954, 173.0297417640686, 36 , 44.80892810188109, 0.038668264912449714, 0.02470303657557137, 0.47836966974436773, 5.561263810898983, 0.29675131247831876, -3.1514787811426406e-06, 0.012539188911182036, 130237, 130752, 129636
4, 173.68244242668152, 173.75120663642883, 37 , 44.80892810188109, 0.038668264912449714, 0.02470303657557137, 0.47836966974436773, 5.561263810898983, 0.29675131247831876, -3.1514787811426406e-06, 0.012539188911182036, 130721, 130108, 129796
4, 173.01002264022827, 173.08203411102295, 38 , 44.80892810188109, 0.038668264912449714, 0.02470303657557137, 0.47836966974436773, 5.561263810898983, 0.29675131247831876, -3.1514787811426406e-06, 0.012539188911182036, 130097, 131024, 129504
4, 174.02626490592957, 174.0952126979828, 39 , 44.80892810188109, 0.038668264912449714, 0.02470303657557137, 0.47836966974436773, 5.561263810898983, 0.29675131247831876, -3.1514787811426406e-06, 0.012539188911182036, 130690, 130377, 129558
8, 491.6036298274994, 491.67575764656067, 1 , 44.80892810188109, 0.038668264912449714, 0.02470303657557137, 0.47836966974436773, 5.561263810898983, 0.29675131247831876, -3.1514787811426406e-06, 0.012539188911182036, 55205, 54786, 54519, 54482, 54468, 54476, 62689
8, 251.82333278656006, 251.8942892551422, 2 , 44.80892810188109, 0.038668264912449714, 0.02470303657557137, 0.47836966974436773, 5.561263810898983, 0.29675131247831876, -3.1514787811426406e-06, 0.012539188911182036, 55060, 54430, 53892, 53778, 53761, 53802, 65902
8, 173.07717084884644, 173.1482617855072, 3 , 44.80892810188109, 0.038668264912449714, 0.02470303657557137, 0.47836966974436773, 5.561263810898983, 0.29675131247831876, -3.1514787811426406e-06, 0.012539188911182036, 55857, 55866, 55866, 55755, 55728, 55810, 55743
8, 134.77399587631226, 134.84076118469238, 4 , 44.80892810188109, 0.038668264912449714, 0.02470303657557137, 0.47836966974436773, 5.561263810898983, 0.29675131247831876, -3.1514787811426406e-06, 0.012539188911182036, 55768, 55956, 55952, 55716, 55728, 55833, 55672
8, 116.4117226600647, 116.47993111610413, 5 , 44.80892810188109, 0.038668264912449714, 0.02470303657557137, 0.47836966974436773, 5.561263810898983, 0.29675131247831876, -3.1514787811426406e-06, 0.012539188911182036, 55985, 55960, 55855, 55730, 55590, 55970, 55535
8, 102.7826464176178, 102.84970474243164, 6 , 44.80892810188109, 0.038668264912449714, 0.02470303657557137, 0.47836966974436773, 5.561263810898983, 0.29675131247831876, -3.1514787811426406e-06, 0.012539188911182036, 55662, 55992, 55938, 55752, 55663, 55974, 55644
8, 92.88931655883789, 92.95791172981262, 7 , 44.80892810188109, 0.038668264912449714, 0.02470303657557137, 0.47836966974436773, 5.561263810898983, 0.29675131247831876, -3.1514787811426406e-06, 0.012539188911182036, 55902, 55923, 55857, 55706, 55706, 55860, 55671
8, 88.10852408409119, 88.17532730102539, 8 , 44.80892810188109, 0.038668264912449714, 0.02470303657557137, 0.47836966974436773, 5.561263810898983, 0.29675131247831876, -3.1514787811426406e-06, 0.012539188911182036, 55736, 56008, 55872, 55744, 55497, 56056, 55712
8, 83.80010080337524, 83.86900043487549, 9 , 44.80892810188109, 0.038668264912449714, 0.02470303657557137, 0.47836966974436773, 5.561263810898983, 0.29675131247831876, -3.1514787811426406e-06, 0.012539188911182036, 55971, 55881, 55863, 55746, 55548, 55870, 55746
8, 80.22958040237427, 80.29661965370178, 10 , 44.80892810188109, 0.038668264912449714, 0.02470303657557137, 0.47836966974436773, 5.561263810898983, 0.29675131247831876, -3.1514787811426406e-06, 0.012539188911182036, 55790, 55950, 55900, 55720, 55600, 56015, 55650
8, 78.3980860710144, 78.4669258594513, 11 , 44.80892810188109, 0.038668264912449714, 0.02470303657557137, 0.47836966974436773, 5.561263810898983, 0.29675131247831876, -3.1514787811426406e-06, 0.012539188911182036, 55972, 55990, 55814, 55704, 55506, 55902, 55737
8, 77.01921224594116, 77.08594059944153, 12 , 44.80892810188109, 0.038668264912449714, 0.02470303657557137, 0.47836966974436773, 5.561263810898983, 0.29675131247831876, -3.1514787811426406e-06, 0.012539188911182036, 55765, 56016, 55908, 55692, 55548, 56076, 55620
8, 76.58590316772461, 76.65478348731995, 13 , 44.80892810188109, 0.038668264912449714, 0.02470303657557137, 0.47836966974436773, 5.561263810898983, 0.29675131247831876, -3.1514787811426406e-06, 0.012539188911182036, 55978, 56017, 55887, 55692, 55432, 55901, 55718
8, 76.10957765579224, 76.17664527893066, 14 , 44.80892810188109, 0.038668264912449714, 0.02470303657557137, 0.47836966974436773, 5.561263810898983, 0.29675131247831876, -3.1514787811426406e-06, 0.012539188911182036, 55790, 56028, 55902, 55692, 55510, 56098, 55605
8, 76.28308510780334, 76.35164284706116, 15 , 44.80892810188109, 0.038668264912449714, 0.02470303657557137, 0.47836966974436773, 5.561263810898983, 0.29675131247831876, -3.1514787811426406e-06, 0.012539188911182036, 56095, 55995, 55860, 55650, 55395, 55935, 55695
8, 75.86364579200745, 75.93081212043762, 16 , 44.80892810188109, 0.038668264912449714, 0.02470303657557137, 0.47836966974436773, 5.561263810898983, 0.29675131247831876, -3.1514787811426406e-06, 0.012539188911182036, 55952, 56065, 55888, 55696, 55456, 56016, 55552
8, 76.5749409198761, 76.64366507530212, 17 , 44.80892810188109, 0.038668264912449714, 0.02470303657557137, 0.47836966974436773, 5.561263810898983, 0.29675131247831876, -3.1514787811426406e-06, 0.012539188911182036, 55981, 56117, 55964, 55556, 55351, 55964, 55692
8, 75.92523169517517, 75.99377584457397, 18 , 44.80892810188109, 0.038668264912449714, 0.02470303657557137, 0.47836966974436773, 5.561263810898983, 0.29675131247831876, -3.1514787811426406e-06, 0.012539188911182036, 55944, 55854, 55800, 55663, 55566, 56160, 55638
8, 76.27807831764221, 76.3498547077179, 19 , 44.80892810188109, 0.038668264912449714, 0.02470303657557137, 0.47836966974436773, 5.561263810898983, 0.29675131247831876, -3.1514787811426406e-06, 0.012539188911182036, 56145, 56050, 55803, 55689, 55100, 56202, 55636
8, 75.22240114212036, 75.29188227653503, 20 , 44.80892810188109, 0.038668264912449714, 0.02470303657557137, 0.47836966974436773, 5.561263810898983, 0.29675131247831876, -3.1514787811426406e-06, 0.012539188911182036, 56220, 56205, 55680, 55520, 55520, 55940, 55540
8, 75.46137142181396, 75.5305380821228, 21 , 44.80892810188109, 0.038668264912449714, 0.02470303657557137, 0.47836966974436773, 5.561263810898983, 0.29675131247831876, -3.1514787811426406e-06, 0.012539188911182036, 56196, 55902, 55608, 55608, 55314, 56347, 55650
8, 75.92384576797485, 75.99436116218567, 22 , 44.80892810188109, 0.038668264912449714, 0.02470303657557137, 0.47836966974436773, 5.561263810898983, 0.29675131247831876, -3.1514787811426406e-06, 0.012539188911182036, 56298, 56408, 55792, 55550, 55220, 55917, 55440
8, 76.02154040336609, 76.09199166297913, 23 , 44.80892810188109, 0.038668264912449714, 0.02470303657557137, 0.47836966974436773, 5.561263810898983, 0.29675131247831876, -3.1514787811426406e-06, 0.012539188911182036, 56212, 55936, 56028, 55699, 55384, 55706, 55660
8, 75.13102841377258, 75.20176100730896, 24 , 44.80892810188109, 0.038668264912449714, 0.02470303657557137, 0.47836966974436773, 5.561263810898983, 0.29675131247831876, -3.1514787811426406e-06, 0.012539188911182036, 56256, 56136, 56112, 55465, 55512, 55608, 55536
8, 74.927969455719, 74.99828743934631, 25 , 44.80892810188109, 0.038668264912449714, 0.02470303657557137, 0.47836966974436773, 5.561263810898983, 0.29675131247831876, -3.1514787811426406e-06, 0.012539188911182036, 56100, 55875, 56150, 55650, 55550, 55650, 55650
8, 75.53584003448486, 75.60586643218994, 26 , 44.80892810188109, 0.038668264912449714, 0.02470303657557137, 0.47836966974436773, 5.561263810898983, 0.29675131247831876, -3.1514787811426406e-06, 0.012539188911182036, 56290, 56316, 56472, 55406, 55069, 55848, 55224
8, 75.40008759498596, 75.47018384933472, 27 , 44.80892810188109, 0.038668264912449714, 0.02470303657557137, 0.47836966974436773, 5.561263810898983, 0.29675131247831876, -3.1514787811426406e-06, 0.012539188911182036, 56241, 55944, 56295, 55593, 55242, 55744, 55566
8, 74.83843064308167, 74.90861749649048, 28 , 44.80892810188109, 0.038668264912449714, 0.02470303657557137, 0.47836966974436773, 5.561263810898983, 0.29675131247831876, -3.1514787811426406e-06, 0.012539188911182036, 56224, 56221, 56028, 55328, 55384, 56056, 55384
8, 74.77382683753967, 74.84398913383484, 29 , 44.80892810188109, 0.038668264912449714, 0.02470303657557137, 0.47836966974436773, 5.561263810898983, 0.29675131247831876, -3.1514787811426406e-06, 0.012539188911182036, 56168, 55854, 56144, 55593, 55535, 55709, 55622
8, 75.54773330688477, 75.6184241771698, 30 , 44.80892810188109, 0.038668264912449714, 0.02470303657557137, 0.47836966974436773, 5.561263810898983, 0.29675131247831876, -3.1514787811426406e-06, 0.012539188911182036, 56215, 56280, 56130, 55440, 54990, 56100, 55470
8, 75.24794745445251, 75.31857705116272, 31 , 44.80892810188109, 0.038668264912449714, 0.02470303657557137, 0.47836966974436773, 5.561263810898983, 0.29675131247831876, -3.1514787811426406e-06, 0.012539188911182036, 56265, 55924, 56265, 55614, 55205, 55738, 55614
8, 74.69423985481262, 74.76466941833496, 32 , 44.80892810188109, 0.038668264912449714, 0.02470303657557137, 0.47836966974436773, 5.561263810898983, 0.29675131247831876, -3.1514787811426406e-06, 0.012539188911182036, 56224, 56224, 56001, 55328, 55360, 56096, 55392
8, 74.67917537689209, 74.74946737289429, 33 , 44.80892810188109, 0.038668264912449714, 0.02470303657557137, 0.47836966974436773, 5.561263810898983, 0.29675131247831876, -3.1514787811426406e-06, 0.012539188911182036, 56166, 55869, 56232, 55605, 55506, 55671, 55576
8, 75.43616962432861, 75.50692987442017, 34 , 44.80892810188109, 0.038668264912449714, 0.02470303657557137, 0.47836966974436773, 5.561263810898983, 0.29675131247831876, -3.1514787811426406e-06, 0.012539188911182036, 56406, 56406, 56168, 55454, 55080, 55828, 55283
8, 75.17299723625183, 75.2435474395752, 35 , 44.80892810188109, 0.038668264912449714, 0.02470303657557137, 0.47836966974436773, 5.561263810898983, 0.29675131247831876, -3.1514787811426406e-06, 0.012539188911182036, 56315, 55965, 56350, 55580, 55220, 55615, 55580
8, 74.65046119689941, 74.72095537185669, 36 , 44.80892810188109, 0.038668264912449714, 0.02470303657557137, 0.47836966974436773, 5.561263810898983, 0.29675131247831876, -3.1514787811426406e-06, 0.012539188911182036, 56268, 56340, 56124, 55332, 55393, 55764, 55404
8, 74.51245760917664, 74.58258700370789, 37 , 44.80892810188109, 0.038668264912449714, 0.02470303657557137, 0.47836966974436773, 5.561263810898983, 0.29675131247831876, -3.1514787811426406e-06, 0.012539188911182036, 56203, 55907, 56277, 55537, 55463, 55664, 55574
8, 75.3167462348938, 75.38739657402039, 38 , 44.80892810188109, 0.038668264912449714, 0.02470303657557137, 0.47836966974436773, 5.561263810898983, 0.29675131247831876, -3.1514787811426406e-06, 0.012539188911182036, 56240, 56392, 56149, 55442, 54986, 56164, 55252
8, 75.01959800720215, 75.09009265899658, 39 , 44.80892810188109, 0.038668264912449714, 0.02470303657557137, 0.47836966974436773, 5.561263810898983, 0.29675131247831876, -3.1514787811426406e-06, 0.012539188911182036, 56278, 56004, 56394, 55575, 55107, 55731, 55536
16, 492.7934663295746, 492.86416363716125, 1 , 44.80892810188109, 0.038668264912449714, 0.02470303657557137, 0.47836966974436773, 5.561263810898983, 0.29675131247831876, -3.1514787811426406e-06, 0.012539188911182036, 25934, 25867, 25849, 25829, 25822, 25825, 25820, 26080, 25855, 25849, 25844, 25836, 25832, 25835, 28548
16, 251.95523691177368, 252.0289990901947, 2 , 44.80892810188109, 0.038668264912449714, 0.02470303657557137, 0.47836966974436773, 5.561263810898983, 0.29675131247831876, -3.1514787811426406e-06, 0.012539188911182036, 25982, 25827, 25740, 25700, 25690, 25692, 25660, 26384, 25736, 25734, 25704, 25682, 25682, 25680, 29732
16, 165.94819402694702, 166.02029824256897, 3 , 44.80892810188109, 0.038668264912449714, 0.02470303657557137, 0.47836966974436773, 5.561263810898983, 0.29675131247831876, -3.1514787811426406e-06, 0.012539188911182036, 25998, 26016, 25992, 25945, 25968, 25959, 25959, 26958, 25998, 26010, 25989, 25944, 25965, 25962, 25962
16, 126.77359771728516, 126.84025311470032, 4 , 44.80892810188109, 0.038668264912449714, 0.02470303657557137, 0.47836966974436773, 5.561263810898983, 0.29675131247831876, -3.1514787811426406e-06, 0.012539188911182036, 25964, 25972, 25952, 25940, 25952, 25960, 25940, 27260, 25964, 25972, 25948, 25945, 25952, 25956, 25948
16, 107.91135954856873, 107.97948575019836, 5 , 44.80892810188109, 0.038668264912449714, 0.02470303657557137, 0.47836966974436773, 5.561263810898983, 0.29675131247831876, -3.1514787811426406e-06, 0.012539188911182036, 25955, 25965, 25955, 25950, 25960, 25975, 25900, 27295, 25955, 25970, 25950, 25945, 25955, 25975, 25920
16, 92.71723699569702, 92.78324174880981, 6 , 44.80892810188109, 0.038668264912449714, 0.02470303657557137, 0.47836966974436773, 5.561263810898983, 0.29675131247831876, -3.1514787811426406e-06, 0.012539188911182036, 25962, 26040, 25914, 25896, 26052, 26034, 25776, 27570, 25969, 25938, 25914, 25884, 26064, 25788, 25824
16, 81.04426860809326, 81.11311912536621, 7 , 44.80892810188109, 0.038668264912449714, 0.02470303657557137, 0.47836966974436773, 5.561263810898983, 0.29675131247831876, -3.1514787811426406e-06, 0.012539188911182036, 25949, 26040, 25900, 25890, 25893, 26005, 25879, 27615, 25956, 25907, 25893, 25893, 25893, 25991, 25921
16, 74.58659362792969, 74.65254163742065, 8 , 44.80892810188109, 0.038668264912449714, 0.02470303657557137, 0.47836966974436773, 5.561263810898983, 0.29675131247831876, -3.1514787811426406e-06, 0.012539188911182036, 26000, 26081, 25896, 25856, 26032, 26032, 25800, 27808, 25968, 25816, 25888, 25856, 26064, 25720, 25808
16, 67.45592093467712, 67.52481961250305, 9 , 44.80892810188109, 0.038668264912449714, 0.02470303657557137, 0.47836966974436773, 5.561263810898983, 0.29675131247831876, -3.1514787811426406e-06, 0.012539188911182036, 25965, 25974, 25884, 25848, 25875, 25972, 25884, 27810, 25965, 25965, 25893, 25848, 25884, 25974, 25884
16, 63.564769983291626, 63.631282567977905, 10 , 44.80892810188109, 0.038668264912449714, 0.02470303657557137, 0.47836966974436773, 5.561263810898983, 0.29675131247831876, -3.1514787811426406e-06, 0.012539188911182036, 26050, 26100, 25870, 26000, 26060, 26030, 25745, 27790, 25910, 25890, 25860, 25760, 26070, 25720, 25770
16, 59.27598714828491, 59.344823360443115, 11 , 44.80892810188109, 0.038668264912449714, 0.02470303657557137, 0.47836966974436773, 5.561263810898983, 0.29675131247831876, -3.1514787811426406e-06, 0.012539188911182036, 25960, 25971, 25872, 25861, 25872, 25982, 25872, 27819, 25960, 25960, 25876, 25861, 25894, 25982, 25883
16, 56.68455123901367, 56.75113248825073, 12 , 44.80892810188109, 0.038668264912449714, 0.02470303657557137, 0.47836966974436773, 5.561263810898983, 0.29675131247831876, -3.1514787811426406e-06, 0.012539188911182036, 26040, 26064, 25860, 26004, 26041, 25956, 25728, 28068, 25896, 25884, 25860, 25728, 26064, 25680, 25752
16, 53.83711528778076, 53.90608334541321, 13 , 44.80892810188109, 0.038668264912449714, 0.02470303657557137, 0.47836966974436773, 5.561263810898983, 0.29675131247831876, -3.1514787811426406e-06, 0.012539188911182036, 25948, 25962, 25857, 25844, 25870, 25961, 25870, 28028, 25948, 25948, 25857, 25844, 25870, 25935, 25883
16, 51.55288076400757, 51.62344002723694, 14 , 44.80892810188109, 0.038668264912449714, 0.02470303657557137, 0.47836966974436773, 5.561263810898983, 0.29675131247831876, -3.1514787811426406e-06, 0.012539188911182036, 26040, 26082, 25816, 26107, 26082, 25942, 25606, 28028, 25858, 25844, 25802, 26082, 26082, 25578, 25676
16, 49.82128190994263, 49.89323687553406, 15 , 44.80892810188109, 0.038668264912449714, 0.02470303657557137, 0.47836966974436773, 5.561263810898983, 0.29675131247831876, -3.1514787811426406e-06, 0.012539188911182036, 25950, 25980, 25855, 25905, 25875, 25980, 25845, 27810, 25965, 25965, 25860, 25905, 25875, 25965, 25890
16, 48.559072494506836, 48.62817168235779, 16 , 44.80892810188109, 0.038668264912449714, 0.02470303657557137, 0.47836966974436773, 5.561263810898983, 0.29675131247831876, -3.1514787811426406e-06, 0.012539188911182036, 26032, 26080, 25793, 26112, 26080, 25968, 25664, 27856, 25856, 25840, 25776, 26080, 26112, 25568, 25808
16, 47.227635622024536, 47.29883074760437, 17 , 44.80892810188109, 0.038668264912449714, 0.02470303657557137, 0.47836966974436773, 5.561263810898983, 0.29675131247831876, -3.1514787811426406e-06, 0.012539188911182036, 25942, 25959, 25891, 25891, 25840, 26061, 25959, 27539, 25942, 25942, 25908, 25908, 25857, 26044, 25942
16, 46.18170404434204, 46.25246477127075, 18 , 44.80892810188109, 0.038668264912449714, 0.02470303657557137, 0.47836966974436773, 5.561263810898983, 0.29675131247831876, -3.1514787811426406e-06, 0.012539188911182036, 25974, 26064, 25902, 25956, 25812, 25974, 25830, 27468, 25974, 26028, 25884, 25956, 25938, 25963, 25902
16, 45.19509673118591, 45.264211893081665, 19 , 44.80892810188109, 0.038668264912449714, 0.02470303657557137, 0.47836966974436773, 5.561263810898983, 0.29675131247831876, -3.1514787811426406e-06, 0.012539188911182036, 26049, 26068, 25859, 25897, 25821, 26049, 25954, 27284, 26011, 26011, 25878, 25897, 25840, 26034, 25973
16, 44.79939866065979, 44.87116360664368, 20 , 44.80892810188109, 0.038668264912449714, 0.02470303657557137, 0.47836966974436773, 5.561263810898983, 0.29675131247831876, -3.1514787811426406e-06, 0.012539188911182036, 26000, 26100, 25760, 25960, 25760, 25920, 25905, 27880, 25920, 25900, 25740, 25940, 25900, 25880, 26060
16, 44.08377504348755, 44.15339255332947, 21 , 44.80892810188109, 0.038668264912449714, 0.02470303657557137, 0.47836966974436773, 5.561263810898983, 0.29675131247831876, -3.1514787811426406e-06, 0.012539188911182036, 25935, 26082, 25830, 25935, 25830, 25914, 25998, 27573, 25914, 26019, 25830, 25893, 25872, 25914, 26086
16, 43.59863305091858, 43.67063117027283, 22 , 44.80892810188109, 0.038668264912449714, 0.02470303657557137, 0.47836966974436773, 5.561263810898983, 0.29675131247831876, -3.1514787811426406e-06, 0.012539188911182036, 25894, 26026, 25982, 25982, 25916, 25872, 25894, 27500, 25872, 26026, 25960, 25960, 25960, 25828, 25953
16, 43.203667879104614, 43.27302289009094, 23 , 44.80892810188109, 0.038668264912449714, 0.02470303657557137, 0.47836966974436773, 5.561263810898983, 0.29675131247831876, -3.1514787811426406e-06, 0.012539188911182036, 26059, 26082, 25875, 25875, 25806, 25875, 25990, 27708, 26036, 26013, 25875, 25783, 25737, 25829, 26082
16, 43.30651926994324, 43.37830471992493, 24 , 44.80892810188109, 0.038668264912449714, 0.02470303657557137, 0.47836966974436773, 5.561263810898983, 0.29675131247831876, -3.1514787811426406e-06, 0.012539188911182036, 26064, 26088, 25728, 25944, 25704, 25872, 25896, 28153, 26040, 25872, 25656, 25896, 25944, 25800, 25968
16, 42.93779110908508, 43.00750470161438, 25 , 44.80892810188109, 0.038668264912449714, 0.02470303657557137, 0.47836966974436773, 5.561263810898983, 0.29675131247831876, -3.1514787811426406e-06, 0.012539188911182036, 25950, 26050, 25775, 25875, 25775, 25875, 25975, 28150, 26000, 25975, 25750, 25825, 25775, 25825, 26050
16, 42.82636094093323, 42.897923707962036, 26 , 44.80892810188109, 0.038668264912449714, 0.02470303657557137, 0.47836966974436773, 5.561263810898983, 0.29675131247831876, -3.1514787811426406e-06, 0.012539188911182036, 25948, 26000, 25974, 25922, 25844, 25792, 25844, 28029, 25974, 25922, 25896, 25870, 25870, 25688, 26052
16, 42.65600109100342, 42.7251763343811, 27 , 44.80892810188109, 0.038668264912449714, 0.02470303657557137, 0.47836966974436773, 5.561263810898983, 0.29675131247831876, -3.1514787811426406e-06, 0.012539188911182036, 26082, 25947, 25839, 25812, 25731, 25839, 25947, 28323, 26055, 25882, 25812, 25785, 25731, 25812, 26028
16, 42.767874002456665, 42.83977174758911, 28 , 44.80892810188109, 0.038668264912449714, 0.02470303657557137, 0.47836966974436773, 5.561263810898983, 0.29675131247831876, -3.1514787811426406e-06, 0.012539188911182036, 25900, 26096, 25704, 25900, 25648, 25788, 25900, 28644, 25872, 25816, 25732, 25872, 25900, 25757, 26096
16, 42.594337463378906, 42.6638925075531, 29 , 44.80892810188109, 0.038668264912449714, 0.02470303657557137, 0.47836966974436773, 5.561263810898983, 0.29675131247831876, -3.1514787811426406e-06, 0.012539188911182036, 25984, 25984, 25752, 25839, 25723, 25839, 25955, 28623, 25984, 25752, 25752, 25810, 25723, 25810, 26095
16, 42.626845359802246, 42.698365926742554, 30 , 44.80892810188109, 0.038668264912449714, 0.02470303657557137, 0.47836966974436773, 5.561263810898983, 0.29675131247831876, -3.1514787811426406e-06, 0.012539188911182036, 25890, 25920, 25890, 25890, 25770, 25795, 25860, 28470, 25890, 25890, 25860, 25860, 25830, 25740, 26070
16, 42.43229341506958, 42.50206661224365, 31 , 44.80892810188109, 0.038668264912449714, 0.02470303657557137, 0.47836966974436773, 5.561263810898983, 0.29675131247831876, -3.1514787811426406e-06, 0.012539188911182036, 26071, 25854, 25792, 25792, 25792, 25823, 25916, 28644, 26040, 25730, 25792, 25792, 25761, 25817, 26009
16, 42.39323973655701, 42.465149879455566, 32 , 44.80892810188109, 0.038668264912449714, 0.02470303657557137, 0.47836966974436773, 5.561263810898983, 0.29675131247831876, -3.1514787811426406e-06, 0.012539188911182036, 25888, 25984, 25760, 25824, 25920, 25728, 25824, 28832, 25888, 25792, 25792, 25761, 25952, 25728, 25952
16, 42.35323238372803, 42.42298746109009, 33 , 44.80892810188109, 0.038668264912449714, 0.02470303657557137, 0.47836966974436773, 5.561263810898983, 0.29675131247831876, -3.1514787811426406e-06, 0.012539188911182036, 26037, 25872, 25707, 25806, 25740, 25839, 25938, 28908, 26004, 25740, 25711, 25773, 25740, 25806, 26004
16, 42.38731408119202, 42.459028244018555, 34 , 44.80892810188109, 0.038668264912449714, 0.02470303657557137, 0.47836966974436773, 5.561263810898983, 0.29675131247831876, -3.1514787811426406e-06, 0.012539188911182036, 25942, 25942, 25738, 25907, 25840, 25738, 25806, 28798, 25942, 25840, 25738, 25874, 25840, 25738, 25942
16, 42.204975605010986, 42.27442193031311, 35 , 44.80892810188109, 0.038668264912449714, 0.02470303657557137, 0.47836966974436773, 5.561263810898983, 0.29675131247831876, -3.1514787811426406e-06, 0.012539188911182036, 26005, 25795, 25655, 25900, 25795, 25795, 25900, 29015, 25970, 25690, 25690, 25865, 25795, 25760, 25995
16, 42.3586540222168, 42.43055009841919, 36 , 44.80892810188109, 0.038668264912449714, 0.02470303657557137, 0.47836966974436773, 5.561263810898983, 0.29675131247831876, -3.1514787811426406e-06, 0.012539188911182036, 25812, 26064, 25632, 25776, 26064, 25668, 25812, 29124, 25812, 25776, 25632, 25740, 26028, 25693, 25992
16, 42.083003282547, 42.15231490135193, 37 , 44.80892810188109, 0.038668264912449714, 0.02470303657557137, 0.47836966974436773, 5.561263810898983, 0.29675131247831876, -3.1514787811426406e-06, 0.012539188911182036, 25953, 25826, 25752, 25789, 25789, 25789, 25900, 29045, 25937, 25715, 25789, 25789, 25789, 25789, 25974
16, 42.23428678512573, 42.305787324905396, 38 , 44.80892810188109, 0.038668264912449714, 0.02470303657557137, 0.47836966974436773, 5.561263810898983, 0.29675131247831876, -3.1514787811426406e-06, 0.012539188911182036, 25878, 25840, 25863, 25878, 25802, 25726, 25802, 28956, 25840, 25840, 25840, 25878, 25840, 25726, 25916
16, 41.97370767593384, 42.04330277442932, 39 , 44.80892810188109, 0.038668264912449714, 0.02470303657557137, 0.47836966974436773, 5.561263810898983, 0.29675131247831876, -3.1514787811426406e-06, 0.012539188911182036, 25935, 25857, 25779, 25779, 25779, 25740, 25858, 29172, 25935, 25701, 25818, 25779, 25818, 25779, 25896
32, 519.096079826355, 519.1789803504944, 1 , 44.80892810188109, 0.038668264912449714, 0.02470303657557137, 0.47836966974436773, 5.561263810898983, 0.29675131247831876, -3.1514787811426406e-06, 0.012539188911182036, 12556, 12551, 12552, 12546, 12545, 12551, 12539, 12673, 12560, 12555, 12563, 12552, 12559, 12551, 12537, 12795, 12613, 12573, 12589, 12563, 12563, 12564, 12554, 12733, 12563, 12560, 12557, 12550, 12554, 12552, 13352
32, 263.1884880065918, 263.27072620391846, 2 , 44.80892810188109, 0.038668264912449714, 0.02470303657557137, 0.47836966974436773, 5.561263810898983, 0.29675131247831876, -3.1514787811426406e-06, 0.012539188911182036, 12538, 12532, 12536, 12522, 12522, 12518, 12500, 12654, 12539, 12526, 12524, 12520, 12522, 12508, 12500, 12842, 12652, 12578, 12580, 12564, 12538, 12540, 12524, 12752, 12548, 12552, 12550, 12530, 12536, 12538, 13840
32, 175.0202193260193, 175.10295605659485, 3 , 44.80892810188109, 0.038668264912449714, 0.02470303657557137, 0.47836966974436773, 5.561263810898983, 0.29675131247831876, -3.1514787811426406e-06, 0.012539188911182036, 12582, 12585, 12579, 12567, 12561, 12561, 12567, 12765, 12582, 12582, 12576, 12570, 12570, 12558, 12577, 12996, 12585, 12585, 12582, 12567, 12564, 12561, 12573, 12822, 12582, 12582, 12576, 12564, 12570, 12558, 12576
32, 137.26210522651672, 137.3395278453827, 4 , 44.80892810188109, 0.038668264912449714, 0.02470303657557137, 0.47836966974436773, 5.561263810898983, 0.29675131247831876, -3.1514787811426406e-06, 0.012539188911182036, 12572, 12572, 12560, 12572, 12556, 12552, 12556, 12784, 12584, 12576, 12576, 12576, 12560, 12552, 12552, 13109, 12584, 12576, 12572, 12564, 12560, 12556, 12548, 12912, 12572, 12580, 12564, 12560, 12556, 12552, 12560
32, 109.58109951019287, 109.66032314300537, 5 , 44.80892810188109, 0.038668264912449714, 0.02470303657557137, 0.47836966974436773, 5.561263810898983, 0.29675131247831876, -3.1514787811426406e-06, 0.012539188911182036, 12565, 12565, 12555, 12535, 12570, 12550, 12565, 12815, 12555, 12565, 12565, 12540, 12550, 12550, 12545, 13230, 12565, 12545, 12565, 12580, 12570, 12545, 12540, 12965, 12565, 12545, 12575, 12580, 12555, 12540, 12570
32, 94.69175505638123, 94.77007961273193, 6 , 44.80892810188109, 0.038668264912449714, 0.02470303657557137, 0.47836966974436773, 5.561263810898983, 0.29675131247831876, -3.1514787811426406e-06, 0.012539188911182036, 12588, 12564, 12558, 12552, 12558, 12534, 12558, 12804, 12576, 12552, 12570, 12552, 12564, 12522, 12540, 13242, 12576, 12552, 12570, 12558, 12559, 12534, 12534, 12984, 12582, 12552, 12570, 12558, 12570, 12534, 12558
32, 85.82270216941833, 85.90211200714111, 7 , 44.80892810188109, 0.038668264912449714, 0.02470303657557137, 0.47836966974436773, 5.561263810898983, 0.29675131247831876, -3.1514787811426406e-06, 0.012539188911182036, 12572, 12565, 12551, 12558, 12551, 12551, 12551, 12810, 12572, 12565, 12572, 12565, 12558, 12551, 12558, 13216, 12572, 12565, 12558, 12565, 12551, 12548, 12551, 12957, 12579, 12565, 12551, 12551, 12558, 12544, 12544
32, 80.00190019607544, 80.07894277572632, 8 , 44.80892810188109, 0.038668264912449714, 0.02470303657557137, 0.47836966974436773, 5.561263810898983, 0.29675131247831876, -3.1514787811426406e-06, 0.012539188911182036, 12576, 12568, 12552, 12560, 12552, 12536, 12536, 12792, 12561, 12568, 12560, 12560, 12568, 12536, 12536, 13280, 12576, 12560, 12568, 12568, 12560, 12536, 12536, 12968, 12576, 12560, 12560, 12560, 12576, 12536, 12544
32, 71.8678252696991, 71.94689083099365, 9 , 44.80892810188109, 0.038668264912449714, 0.02470303657557137, 0.47836966974436773, 5.561263810898983, 0.29675131247831876, -3.1514787811426406e-06, 0.012539188911182036, 12573, 12564, 12537, 12546, 12555, 12537, 12546, 12807, 12555, 12564, 12573, 12546, 12573, 12528, 12555, 13320, 12555, 12555, 12582, 12564, 12555, 12537, 12546, 12987, 12580, 12546, 12555, 12546, 12564, 12519, 12555
32, 66.98039054870605, 67.05876517295837, 10 , 44.80892810188109, 0.038668264912449714, 0.02470303657557137, 0.47836966974436773, 5.561263810898983, 0.29675131247831876, -3.1514787811426406e-06, 0.012539188911182036, 12560, 12560, 12550, 12560, 12560, 12530, 12530, 12830, 12560, 12560, 12560, 12570, 12600, 12530, 12540, 13290, 12560, 12550, 12560, 12570, 12560, 12530, 12530, 13000, 12560, 12550, 12560, 12560, 12590, 12520, 12535
32, 61.963751792907715, 62.04379630088806, 11 , 44.80892810188109, 0.038668264912449714, 0.02470303657557137, 0.47836966974436773, 5.561263810898983, 0.29675131247831876, -3.1514787811426406e-06, 0.012539188911182036, 12606, 12566, 12529, 12562, 12540, 12529, 12540, 12815, 12540, 12562, 12584, 12562, 12573, 12529, 12529, 13343, 12540, 12562, 12595, 12562, 12540, 12518, 12529, 12980, 12595, 12551, 12540, 12551, 12573, 12529, 12551
32, 58.457043170928955, 58.53497052192688, 12 , 44.80892810188109, 0.038668264912449714, 0.02470303657557137, 0.47836966974436773, 5.561263810898983, 0.29675131247831876, -3.1514787811426406e-06, 0.012539188911182036, 12576, 12576, 12540, 12564, 12564, 12540, 12528, 12757, 12564, 12564, 12576, 12552, 12576, 12528, 12552, 13296, 12564, 12564, 12588, 12552, 12564, 12528, 12528, 12996, 12576, 12564, 12552, 12564, 12576, 12528, 12528
32, 56.05101275444031, 56.13095164299011, 13 , 44.80892810188109, 0.038668264912449714, 0.02470303657557137, 0.47836966974436773, 5.561263810898983, 0.29675131247831876, -3.1514787811426406e-06, 0.012539188911182036, 12559, 12545, 12545, 12558, 12532, 12545, 12532, 12727, 12571, 12558, 12571, 12571, 12571, 12532, 12545, 13351, 12558, 12571, 12571, 12584, 12545, 12545, 12545, 13000, 12558, 12558, 12558, 12558, 12571, 12532, 12558
32, 53.02877163887024, 53.107051372528076, 14 , 44.80892810188109, 0.038668264912449714, 0.02470303657557137, 0.47836966974436773, 5.561263810898983, 0.29675131247831876, -3.1514787811426406e-06, 0.012539188911182036, 12572, 12572, 12572, 12586, 12572, 12530, 12516, 12614, 12572, 12558, 12572, 12572, 12572, 12530, 12530, 13300, 12586, 12572, 12586, 12586, 12586, 12530, 12530, 12978, 12586, 12572, 12583, 12558, 12586, 12502, 12544
32, 50.43669366836548, 50.516491651535034, 15 , 44.80892810188109, 0.038668264912449714, 0.02470303657557137, 0.47836966974436773, 5.561263810898983, 0.29675131247831876, -3.1514787811426406e-06, 0.012539188911182036, 12600, 12555, 12525, 12540, 12525, 12540, 12540, 12715, 12555, 12555, 12600, 12540, 12555, 12555, 12540, 13320, 12555, 12555, 12615, 12570, 12555, 12540, 12570, 12945, 12600, 12555, 12555, 12555, 12570, 12555, 12570
32, 48.628350019454956, 48.70796275138855, 16 , 44.80892810188109, 0.038668264912449714, 0.02470303657557137, 0.47836966974436773, 5.561263810898983, 0.29675131247831876, -3.1514787811426406e-06, 0.012539188911182036, 12688, 12576, 12560, 12544, 12576, 12512, 12528, 12592, 12560, 12576, 12576, 12560, 12592, 12544, 12544, 13264, 12560, 12576, 12592, 12544, 12592, 12528, 12512, 12928, 12656, 12576, 12560, 12545, 12592, 12528, 12544
32, 47.56146216392517, 47.64361810684204, 17 , 44.80892810188109, 0.038668264912449714, 0.02470303657557137, 0.47836966974436773, 5.561263810898983, 0.29675131247831876, -3.1514787811426406e-06, 0.012539188911182036, 12614, 12580, 12563, 12546, 12546, 12546, 12529, 12631, 12563, 12597, 12631, 12563, 12580, 12546, 12512, 13243, 12563, 12580, 12614, 12563, 12546, 12563, 12512, 12886, 12614, 12580, 12580, 12562, 12580, 12546, 12546
32, 46.255937576293945, 46.33645582199097, 18 , 44.80892810188109, 0.038668264912449714, 0.02470303657557137, 0.47836966974436773, 5.561263810898983, 0.29675131247831876, -3.1514787811426406e-06, 0.012539188911182036, 12564, 12582, 12546, 12546, 12564, 12528, 12546, 12690, 12571, 12582, 12528, 12546, 12582, 12546, 12528, 13302, 12582, 12546, 12546, 12564, 12564, 12528, 12564, 12996, 12600, 12564, 12546, 12564, 12600, 12546, 12564
32, 44.88598084449768, 44.96773028373718, 19 , 44.80892810188109, 0.038668264912449714, 0.02470303657557137, 0.47836966974436773, 5.561263810898983, 0.29675131247831876, -3.1514787811426406e-06, 0.012539188911182036, 12597, 12559, 12559, 12540, 12540, 12559, 12559, 12635, 12578, 12578, 12578, 12559, 12559, 12521, 12540, 13262, 12559, 12578, 12578, 12559, 12559, 12525, 12521, 12977, 12616, 12578, 12597, 12540, 12578, 12559, 12578
32, 43.9788076877594, 44.061081886291504, 20 , 44.80892810188109, 0.038668264912449714, 0.02470303657557137, 0.47836966974436773, 5.561263810898983, 0.29675131247831876, -3.1514787811426406e-06, 0.012539188911182036, 12600, 12600, 12540, 12520, 12540, 12580, 12520, 12640, 12580, 12600, 12580, 12540, 12560, 12580, 12540, 13260, 12580, 12580, 12580, 12545, 12560, 12580, 12520, 12920, 12600, 12580, 12560, 12560, 12560, 12560, 12560
32, 42.564961671829224, 42.64705419540405, 21 , 44.80892810188109, 0.038668264912449714, 0.02470303657557137, 0.47836966974436773, 5.561263810898983, 0.29675131247831876, -3.1514787811426406e-06, 0.012539188911182036, 12579, 12558, 12558, 12558, 12516, 12495, 12516, 12642, 12579, 12558, 12600, 12579, 12558, 12516, 12537, 13377, 12579, 12579, 12600, 12579, 12537, 12537, 12558, 13003, 12579, 12579, 12558, 12537, 12558, 12558, 12558
32, 41.98200082778931, 42.06518793106079, 22 , 44.80892810188109, 0.038668264912449714, 0.02470303657557137, 0.47836966974436773, 5.561263810898983, 0.29675131247831876, -3.1514787811426406e-06, 0.012539188911182036, 12606, 12562, 12540, 12562, 12562, 12540, 12533, 12606, 12562, 12562, 12540, 12562, 12584, 12584, 12518, 13310, 12584, 12562, 12562, 12584, 12584, 12562, 12540, 12936, 12606, 12562, 12562, 12562, 12584, 12562, 12540
32, 40.994879722595215, 41.07654309272766, 23 , 44.80892810188109, 0.038668264912449714, 0.02470303657557137, 0.47836966974436773, 5.561263810898983, 0.29675131247831876, -3.1514787811426406e-06, 0.012539188911182036, 12558, 12558, 12558, 12558, 12581, 12558, 12581, 12466, 12558, 12558, 12581, 12558, 12581, 12558, 12535, 13317, 12535, 12581, 12604, 12535, 12581, 12558, 12558, 12949, 12581, 12604, 12581, 12558, 12597, 12558, 12581
32, 40.69873833656311, 40.780503034591675, 24 , 44.80892810188109, 0.038668264912449714, 0.02470303657557137, 0.47836966974436773, 5.561263810898983, 0.29675131247831876, -3.1514787811426406e-06, 0.012539188911182036, 12600, 12576, 12528, 12552, 12552, 12552, 12504, 12504, 12576, 12600, 12552, 12576, 12576, 12576, 12552, 13272, 12576, 12600, 12552, 12553, 12552, 12552, 12504, 13032, 12600, 12576, 12552, 12576, 12576, 12600, 12576
32, 39.80691480636597, 39.88617968559265, 25 , 44.80892810188109, 0.038668264912449714, 0.02470303657557137, 0.47836966974436773, 5.561263810898983, 0.29675131247831876, -3.1514787811426406e-06, 0.012539188911182036, 12575, 12575, 12525, 12550, 12550, 12525, 12500, 12425, 12600, 12600, 12650, 12575, 12575, 12550, 12525, 13375, 12600, 12600, 12625, 12575, 12575, 12550, 12525, 12850, 12575, 12575, 12575, 12575, 12600, 12575, 12575
32, 39.03819561004639, 39.12120485305786, 26 , 44.80892810188109, 0.038668264912449714, 0.02470303657557137, 0.47836966974436773, 5.561263810898983, 0.29675131247831876, -3.1514787811426406e-06, 0.012539188911182036, 12584, 12584, 12584, 12584, 12558, 12584, 12558, 12272, 12558, 12558, 12558, 12610, 12584, 12610, 12558, 13260, 12584, 12584, 12584, 12611, 12584, 12584, 12558, 12844, 12584, 12584, 12584, 12610, 12584, 12584, 12558
32, 38.87270522117615, 38.954643964767456, 27 , 44.80892810188109, 0.038668264912449714, 0.02470303657557137, 0.47836966974436773, 5.561263810898983, 0.29675131247831876, -3.1514787811426406e-06, 0.012539188911182036, 12582, 12582, 12582, 12555, 12555, 12528, 12501, 12528, 12528, 12582, 12609, 12555, 12582, 12555, 12501, 13392, 12582, 12582, 12636, 12528, 12582, 12555, 12528, 12879, 12582, 12582, 12609, 12528, 12582, 12571, 12582
32, 38.16716647148132, 38.25001859664917, 28 , 44.80892810188109, 0.038668264912449714, 0.02470303657557137, 0.47836966974436773, 5.561263810898983, 0.29675131247831876, -3.1514787811426406e-06, 0.012539188911182036, 12656, 12572, 12656, 12544, 12572, 12572, 12541, 12432, 12572, 12544, 12544, 12516, 12600, 12600, 12488, 13188, 12600, 12600, 12572, 12544, 12600, 12572, 12516, 12880, 12656, 12572, 12656, 12544, 12600, 12572, 12544
32, 37.8552508354187, 37.9367790222168, 29 , 44.80892810188109, 0.038668264912449714, 0.02470303657557137, 0.47836966974436773, 5.561263810898983, 0.29675131247831876, -3.1514787811426406e-06, 0.012539188911182036, 12586, 12615, 12586, 12557, 12586, 12557, 12528, 12354, 12528, 12586, 12586, 12557, 12615, 12586, 12499, 13253, 12586, 12673, 12615, 12586, 12610, 12557, 12470, 12818, 12557, 12644, 12615, 12586, 12586, 12586, 12557
32, 37.604084730148315, 37.685155391693115, 30 , 44.80892810188109, 0.038668264912449714, 0.02470303657557137, 0.47836966974436773, 5.561263810898983, 0.29675131247831876, -3.1514787811426406e-06, 0.012539188911182036, 12630, 12595, 12570, 12570, 12570, 12540, 12540, 12420, 12570, 12570, 12540, 12540, 12630, 12570, 12510, 13230, 12630, 12600, 12570, 12570, 12600, 12570, 12450, 12960, 12630, 12600, 12600, 12570, 12600, 12540, 12540
32, 37.20601415634155, 37.28557014465332, 31 , 44.80892810188109, 0.038668264912449714, 0.02470303657557137, 0.47836966974436773, 5.561263810898983, 0.29675131247831876, -3.1514787811426406e-06, 0.012539188911182036, 12555, 12617, 12586, 12586, 12555, 12524, 12493, 12431, 12524, 12586, 12586, 12586, 12586, 12586, 12462, 13361, 12555, 12648, 12617, 12617, 12586, 12580, 12493, 12834, 12555, 12648, 12617, 12586, 12586, 12555, 12524
32, 36.98202562332153, 37.06467533111572, 32 , 44.80892810188109, 0.038668264912449714, 0.02470303657557137, 0.47836966974436773, 5.561263810898983, 0.29675131247831876, -3.1514787811426406e-06, 0.012539188911182036, 12640, 12576, 12640, 12544, 12608, 12512, 12480, 12416, 12544, 12544, 12544, 12544, 12576, 12576, 12544, 13248, 12576, 12576, 12576, 12576, 12608, 12576, 12512, 12992, 12640, 12576, 12640, 12545, 12608, 12544, 12544
32, 36.618956327438354, 36.69747972488403, 33 , 44.80892810188109, 0.038668264912449714, 0.02470303657557137, 0.47836966974436773, 5.561263810898983, 0.29675131247831876, -3.1514787811426406e-06, 0.012539188911182036, 12540, 12639, 12606, 12573, 12573, 12540, 12474, 12375, 12507, 12606, 12606, 12606, 12606, 12573, 12441, 13365, 12573, 12672, 12639, 12606, 12577, 12540, 12507, 12771, 12540, 12672, 12639, 12573, 12606, 12540, 12540
32, 36.38717436790466, 36.468318939208984, 34 , 44.80892810188109, 0.038668264912449714, 0.02470303657557137, 0.47836966974436773, 5.561263810898983, 0.29675131247831876, -3.1514787811426406e-06, 0.012539188911182036, 12614, 12512, 12580, 12580, 12614, 12512, 12546, 12308, 12580, 12579, 12580, 12614, 12614, 12546, 12410, 13226, 12614, 12546, 12580, 12614, 12614, 12580, 12512, 12988, 12648, 12546, 12614, 12648, 12614, 12580, 12512
32, 35.97964406013489, 36.05866765975952, 35 , 44.80892810188109, 0.038668264912449714, 0.02470303657557137, 0.47836966974436773, 5.561263810898983, 0.29675131247831876, -3.1514787811426406e-06, 0.012539188911182036, 12565, 12635, 12600, 12600, 12565, 12530, 12425, 12285, 12530, 12600, 12670, 12600, 12565, 12530, 12425, 13370, 12530, 12635, 12670, 12635, 12565, 12565, 12460, 12740, 12600, 12670, 12670, 12635, 12600, 12600, 12555
32, 35.93175005912781, 36.01292157173157, 36 , 44.80892810188109, 0.038668264912449714, 0.02470303657557137, 0.47836966974436773, 5.561263810898983, 0.29675131247831876, -3.1514787811426406e-06, 0.012539188911182036, 12600, 12564, 12636, 12564, 12636, 12564, 12492, 12276, 12528, 12600, 12528, 12564, 12600, 12564, 12492, 13212, 12564, 12600, 12600, 12600, 12636, 12600, 12420, 12960, 12636, 12600, 12672, 12564, 12625, 12600, 12528
32, 35.6071515083313, 35.68566703796387, 37 , 44.80892810188109, 0.038668264912449714, 0.02470303657557137, 0.47836966974436773, 5.561263810898983, 0.29675131247831876, -3.1514787811426406e-06, 0.012539188911182036, 12506, 12654, 12654, 12580, 12543, 12543, 12469, 12284, 12543, 12617, 12617, 12580, 12543, 12580, 12469, 13357, 12580, 12691, 12654, 12617, 12580, 12543, 12506, 12765, 12559, 12691, 12654, 12617, 12543, 12580, 12506
32, 35.38601517677307, 35.46688461303711, 38 , 44.80892810188109, 0.038668264912449714, 0.02470303657557137, 0.47836966974436773, 5.561263810898983, 0.29675131247831876, -3.1514787811426406e-06, 0.012539188911182036, 12616, 12578, 12578, 12616, 12616, 12540, 12502, 12160, 12540, 12616, 12578, 12578, 12578, 12540, 12426, 13186, 12578, 12616, 12616, 12654, 12654, 12578, 12502, 12920, 12677, 12578, 12654, 12654, 12616, 12540, 12540
32, 35.24693322181702, 35.32520365715027, 39 , 44.80892810188109, 0.038668264912449714, 0.02470303657557137, 0.47836966974436773, 5.561263810898983, 0.29675131247831876, -3.1514787811426406e-06, 0.012539188911182036, 12597, 12636, 12597, 12558, 12519, 12519, 12480, 12207, 12519, 12636, 12636, 12597, 12519, 12519, 12480, 13416, 12558, 12675, 12675, 12636, 12597, 12559, 12480, 12753, 12636, 12714, 12675, 12597, 12558, 12558, 12519