2, 99.87023901939392, 99.88141703605652, 1 , 42.60246402253009, 0.046641441810930835, 0.029609353725646468, 0.474643372032344, 5.335892494391007, 0.33242380656035175, -1.1887913133399962e-06, 0.012534216997672341, 65536
2, 91.45554542541504, 91.46683073043823, 2 , 42.60246402253009, 0.046641441810930835, 0.029609353725646468, 0.474643372032344, 5.335892494391007, 0.33242380656035175, -1.1887913133399962e-06, 0.012534216997672341, 65536
2, 88.3335132598877, 88.34491872787476, 3 , 42.60246402253009, 0.046641441810930835, 0.029609353725646468, 0.474643372032344, 5.335892494391007, 0.33242380656035175, -1.1887913133399962e-06, 0.012534216997672341, 65536
2, 86.53901481628418, 86.55021858215332, 4 , 42.60246402253009, 0.046641441810930835, 0.029609353725646468, 0.474643372032344, 5.335892494391007, 0.33242380656035175, -1.1887913133399962e-06, 0.012534216997672341, 65536
2, 87.05003380775452, 87.0613329410553, 5 , 42.60246402253009, 0.046641441810930835, 0.029609353725646468, 0.474643372032344, 5.335892494391007, 0.33242380656035175, -1.1887913133399962e-06, 0.012534216997672341, 65536
2, 85.18042302131653, 85.19146203994751, 6 , 42.60246402253009, 0.046641441810930835, 0.029609353725646468, 0.474643372032344, 5.335892494391007, 0.33242380656035175, -1.1887913133399962e-06, 0.012534216997672341, 65536
2, 84.97099304199219, 84.9822518825531, 7 , 42.60246402253009, 0.046641441810930835, 0.029609353725646468, 0.474643372032344, 5.335892494391007, 0.33242380656035175, -1.1887913133399962e-06, 0.012534216997672341, 65536
2, 84.93853569030762, 84.9497447013855, 8 , 42.60246402253009, 0.046641441810930835, 0.029609353725646468, 0.474643372032344, 5.335892494391007, 0.33242380656035175, -1.1887913133399962e-06, 0.012534216997672341, 65536
2, 85.2039406299591, 85.215327501297, 9 , 42.60246402253009, 0.046641441810930835, 0.029609353725646468, 0.474643372032344, 5.335892494391007, 0.33242380656035175, -1.1887913133399962e-06, 0.012534216997672341, 65536
2, 83.89701819419861, 83.90807223320007, 10 , 42.60246402253009, 0.046641441810930835, 0.029609353725646468, 0.474643372032344, 5.335892494391007, 0.33242380656035175, -1.1887913133399962e-06, 0.012534216997672341, 65536
2, 84.8187804222107, 84.82994818687439, 11 , 42.60246402253009, 0.046641441810930835, 0.029609353725646468, 0.474643372032344, 5.335892494391007, 0.33242380656035175, -1.1887913133399962e-06, 0.012534216997672341, 65536
2, 83.57684636116028, 83.58792805671692, 12 , 42.60246402253009, 0.046641441810930835, 0.029609353725646468, 0.474643372032344, 5.335892494391007, 0.33242380656035175, -1.1887913133399962e-06, 0.012534216997672341, 65536
2, 84.62033009529114, 84.6316249370575, 13 , 42.60246402253009, 0.046641441810930835, 0.029609353725646468, 0.474643372032344, 5.335892494391007, 0.33242380656035175, -1.1887913133399962e-06, 0.012534216997672341, 65536
2, 83.37344765663147, 83.38416576385498, 14 , 42.60246402253009, 0.046641441810930835, 0.029609353725646468, 0.474643372032344, 5.335892494391007, 0.33242380656035175, -1.1887913133399962e-06, 0.012534216997672341, 65536
2, 84.41383409500122, 84.42506313323975, 15 , 42.60246402253009, 0.046641441810930835, 0.029609353725646468, 0.474643372032344, 5.335892494391007, 0.33242380656035175, -1.1887913133399962e-06, 0.012534216997672341, 65536
2, 83.16671538352966, 83.17725276947021, 16 , 42.60246402253009, 0.046641441810930835, 0.029609353725646468, 0.474643372032344, 5.335892494391007, 0.33242380656035175, -1.1887913133399962e-06, 0.012534216997672341, 65536
2, 83.94140791893005, 83.95225286483765, 17 , 42.60246402253009, 0.046641441810930835, 0.029609353725646468, 0.474643372032344, 5.335892494391007, 0.33242380656035175, -1.1887913133399962e-06, 0.012534216997672341, 65536
2, 84.1629331111908, 84.17341375350952, 18 , 42.60246402253009, 0.046641441810930835, 0.029609353725646468, 0.474643372032344, 5.335892494391007, 0.33242380656035175, -1.1887913133399962e-06, 0.012534216997672341, 65536
2, 82.98447680473328, 82.99545168876648, 19 , 42.60246402253009, 0.046641441810930835, 0.029609353725646468, 0.474643372032344, 5.335892494391007, 0.33242380656035175, -1.1887913133399962e-06, 0.012534216997672341, 65536
2, 84.12971615791321, 84.1405200958252, 20 , 42.60246402253009, 0.046641441810930835, 0.029609353725646468, 0.474643372032344, 5.335892494391007, 0.33242380656035175, -1.1887913133399962e-06, 0.012534216997672341, 65536
2, 82.91287517547607, 82.92386674880981, 21 , 42.60246402253009, 0.046641441810930835, 0.029609353725646468, 0.474643372032344, 5.335892494391007, 0.33242380656035175, -1.1887913133399962e-06, 0.012534216997672341, 65536
2, 83.64332032203674, 83.65464091300964, 22 , 42.60246402253009, 0.046641441810930835, 0.029609353725646468, 0.474643372032344, 5.335892494391007, 0.33242380656035175, -1.1887913133399962e-06, 0.012534216997672341, 65536
2, 82.55810856819153, 82.56933832168579, 23 , 42.60246402253009, 0.046641441810930835, 0.029609353725646468, 0.474643372032344, 5.335892494391007, 0.33242380656035175, -1.1887913133399962e-06, 0.012534216997672341, 65536
2, 83.89796829223633, 83.90914845466614, 24 , 42.60246402253009, 0.046641441810930835, 0.029609353725646468, 0.474643372032344, 5.335892494391007, 0.33242380656035175, -1.1887913133399962e-06, 0.012534216997672341, 65536
2, 82.75580143928528, 82.76662611961365, 25 , 42.60246402253009, 0.046641441810930835, 0.029609353725646468, 0.474643372032344, 5.335892494391007, 0.33242380656035175, -1.1887913133399962e-06, 0.012534216997672341, 65536
2, 83.90883588790894, 83.92013597488403, 26 , 42.60246402253009, 0.046641441810930835, 0.029609353725646468, 0.474643372032344, 5.335892494391007, 0.33242380656035175, -1.1887913133399962e-06, 0.012534216997672341, 65536
2, 82.70178031921387, 82.7123761177063, 27 , 42.60246402253009, 0.046641441810930835, 0.029609353725646468, 0.474643372032344, 5.335892494391007, 0.33242380656035175, -1.1887913133399962e-06, 0.012534216997672341, 65536
2, 83.7240800857544, 83.73546242713928, 28 , 42.60246402253009, 0.046641441810930835, 0.029609353725646468, 0.474643372032344, 5.335892494391007, 0.33242380656035175, -1.1887913133399962e-06, 0.012534216997672341, 65536
2, 82.37822484970093, 82.38908076286316, 29 , 42.60246402253009, 0.046641441810930835, 0.029609353725646468, 0.474643372032344, 5.335892494391007, 0.33242380656035175, -1.1887913133399962e-06, 0.012534216997672341, 65536
2, 83.77437114715576, 83.78533840179443, 30 , 42.60246402253009, 0.046641441810930835, 0.029609353725646468, 0.474643372032344, 5.335892494391007, 0.33242380656035175, -1.1887913133399962e-06, 0.012534216997672341, 65536
2, 82.60166263580322, 82.61280035972595, 31 , 42.60246402253009, 0.046641441810930835, 0.029609353725646468, 0.474643372032344, 5.335892494391007, 0.33242380656035175, -1.1887913133399962e-06, 0.012534216997672341, 65536
2, 83.69867825508118, 83.70962047576904, 32 , 42.60246402253009, 0.046641441810930835, 0.029609353725646468, 0.474643372032344, 5.335892494391007, 0.33242380656035175, -1.1887913133399962e-06, 0.012534216997672341, 65536
2, 82.54765224456787, 82.55889129638672, 33 , 42.60246402253009, 0.046641441810930835, 0.029609353725646468, 0.474643372032344, 5.335892494391007, 0.33242380656035175, -1.1887913133399962e-06, 0.012534216997672341, 65536
2, 83.6544291973114, 83.66502976417542, 34 , 42.60246402253009, 0.046641441810930835, 0.029609353725646468, 0.474643372032344, 5.335892494391007, 0.33242380656035175, -1.1887913133399962e-06, 0.012534216997672341, 65536
2, 82.56567096710205, 82.57638669013977, 35 , 42.60246402253009, 0.046641441810930835, 0.029609353725646468, 0.474643372032344, 5.335892494391007, 0.33242380656035175, -1.1887913133399962e-06, 0.012534216997672341, 65536
2, 83.2388048171997, 83.24928879737854, 36 , 42.60246402253009, 0.046641441810930835, 0.029609353725646468, 0.474643372032344, 5.335892494391007, 0.33242380656035175, -1.1887913133399962e-06, 0.012534216997672341, 65536
2, 82.21303582191467, 82.22349238395691, 37 , 42.60246402253009, 0.046641441810930835, 0.029609353725646468, 0.474643372032344, 5.335892494391007, 0.33242380656035175, -1.1887913133399962e-06, 0.012534216997672341, 65536
2, 83.60398411750793, 83.61517119407654, 38 , 42.60246402253009, 0.046641441810930835, 0.029609353725646468, 0.474643372032344, 5.335892494391007, 0.33242380656035175, -1.1887913133399962e-06, 0.012534216997672341, 65536
2, 82.47619724273682, 82.48701763153076, 39 , 42.60246402253009, 0.046641441810930835, 0.029609353725646468, 0.474643372032344, 5.335892494391007, 0.33242380656035175, -1.1887913133399962e-06, 0.012534216997672341, 65536
4, 31.83672547340393, 31.847236394882202, 1 , 42.60246402253009, 0.046641441810930835, 0.029609353725646468, 0.474643372032344, 5.335892494391007, 0.33242380656035175, -1.1887913133399962e-06, 0.012534216997672341, 21836, 21848, 21852
4, 30.5716392993927, 30.58226752281189, 2 , 42.60246402253009, 0.046641441810930835, 0.029609353725646468, 0.474643372032344, 5.335892494391007, 0.33242380656035175, -1.1887913133399962e-06, 0.012534216997672341, 21908, 21898, 21730
4, 29.702827215194702, 29.713356256484985, 3 , 42.60246402253009, 0.046641441810930835, 0.029609353725646468, 0.474643372032344, 5.335892494391007, 0.33242380656035175, -1.1887913133399962e-06, 0.012534216997672341, 21787, 21879, 21870
4, 29.55516815185547, 29.565749883651733, 4 , 42.60246402253009, 0.046641441810930835, 0.029609353725646468, 0.474643372032344, 5.335892494391007, 0.33242380656035175, -1.1887913133399962e-06, 0.012534216997672341, 21832, 21980, 21724
4, 29.392532348632812, 29.40314292907715, 5 , 42.60246402253009, 0.046641441810930835, 0.029609353725646468, 0.474643372032344, 5.335892494391007, 0.33242380656035175, -1.1887913133399962e-06, 0.012534216997672341, 21870, 22071, 21595
4, 29.77991032600403, 29.79045581817627, 6 , 42.60246402253009, 0.046641441810930835, 0.029609353725646468, 0.474643372032344, 5.335892494391007, 0.33242380656035175, -1.1887913133399962e-06, 0.012534216997672341, 21852, 21960, 21724
4, 29.594852209091187, 29.605257511138916, 7 , 42.60246402253009, 0.046641441810930835, 0.029609353725646468, 0.474643372032344, 5.335892494391007, 0.33242380656035175, -1.1887913133399962e-06, 0.012534216997672341, 21889, 21800, 21847
4, 29.65059471130371, 29.661021947860718, 8 , 42.60246402253009, 0.046641441810930835, 0.029609353725646468, 0.474643372032344, 5.335892494391007, 0.33242380656035175, -1.1887913133399962e-06, 0.012534216997672341, 21832, 21968, 21736
4, 29.308093547821045, 29.31830906867981, 9 , 42.60246402253009, 0.046641441810930835, 0.029609353725646468, 0.474643372032344, 5.335892494391007, 0.33242380656035175, -1.1887913133399962e-06, 0.012534216997672341, 21852, 21994, 21690
4, 29.509016275405884, 29.519566774368286, 10 , 42.60246402253009, 0.046641441810930835, 0.029609353725646468, 0.474643372032344, 5.335892494391007, 0.33242380656035175, -1.1887913133399962e-06, 0.012534216997672341, 21840, 21936, 21760
4, 29.21114468574524, 29.221490383148193, 11 , 42.60246402253009, 0.046641441810930835, 0.029609353725646468, 0.474643372032344, 5.335892494391007, 0.33242380656035175, -1.1887913133399962e-06, 0.012534216997672341, 21855, 21978, 21703
4, 29.400060653686523, 29.410379886627197, 12 , 42.60246402253009, 0.046641441810930835, 0.029609353725646468, 0.474643372032344, 5.335892494391007, 0.33242380656035175, -1.1887913133399962e-06, 0.012534216997672341, 21780, 21904, 21852
4, 29.175427675247192, 29.18566107749939, 13 , 42.60246402253009, 0.046641441810930835, 0.029609353725646468, 0.474643372032344, 5.335892494391007, 0.33242380656035175, -1.1887913133399962e-06, 0.012534216997672341, 21840, 21983, 21713
4, 29.143598556518555, 29.154128074645996, 14 , 42.60246402253009, 0.046641441810930835, 0.029609353725646468, 0.474643372032344, 5.335892494391007, 0.33242380656035175, -1.1887913133399962e-06, 0.012534216997672341, 21630, 21758, 22148
4, 29.070096969604492, 29.080357789993286, 15 , 42.60246402253009, 0.046641441810930835, 0.029609353725646468, 0.474643372032344, 5.335892494391007, 0.33242380656035175, -1.1887913133399962e-06, 0.012534216997672341, 21795, 21930, 21811
4, 29.11652946472168, 29.126843690872192, 16 , 42.60246402253009, 0.046641441810930835, 0.029609353725646468, 0.474643372032344, 5.335892494391007, 0.33242380656035175, -1.1887913133399962e-06, 0.012534216997672341, 21632, 21760, 22144
4, 29.223069190979004, 29.233225345611572, 17 , 42.60246402253009, 0.046641441810930835, 0.029609353725646468, 0.474643372032344, 5.335892494391007, 0.33242380656035175, -1.1887913133399962e-06, 0.012534216997672341, 21709, 21846, 21981
4, 28.902334690093994, 28.9127414226532, 18 , 42.60246402253009, 0.046641441810930835, 0.029609353725646468, 0.474643372032344, 5.335892494391007, 0.33242380656035175, -1.1887913133399962e-06, 0.012534216997672341, 21850, 21996, 21690
4, 28.859867095947266, 28.87038278579712, 19 , 42.60246402253009, 0.046641441810930835, 0.029609353725646468, 0.474643372032344, 5.335892494391007, 0.33242380656035175, -1.1887913133399962e-06, 0.012534216997672341, 21836, 21869, 21831
4, 28.85646915435791, 28.86699604988098, 20 , 42.60246402253009, 0.046641441810930835, 0.029609353725646468, 0.474643372032344, 5.335892494391007, 0.33242380656035175, -1.1887913133399962e-06, 0.012534216997672341, 21840, 21976, 21720
4, 28.84506893157959, 28.855369091033936, 21 , 42.60246402253009, 0.046641441810930835, 0.029609353725646468, 0.474643372032344, 5.335892494391007, 0.33242380656035175, -1.1887913133399962e-06, 0.012534216997672341, 21835, 21966, 21735
4, 28.889355182647705, 28.899858474731445, 22 , 42.60246402253009, 0.046641441810930835, 0.029609353725646468, 0.474643372032344, 5.335892494391007, 0.33242380656035175, -1.1887913133399962e-06, 0.012534216997672341, 21868, 22088, 21580
4, 28.755690813064575, 28.766040325164795, 23 , 42.60246402253009, 0.046641441810930835, 0.029609353725646468, 0.474643372032344, 5.335892494391007, 0.33242380656035175, -1.1887913133399962e-06, 0.012534216997672341, 21790, 22057, 21689
4, 28.841906309127808, 28.852213144302368, 24 , 42.60246402253009, 0.046641441810930835, 0.029609353725646468, 0.474643372032344, 5.335892494391007, 0.33242380656035175, -1.1887913133399962e-06, 0.012534216997672341, 21840, 21960, 21736
4, 28.740071058273315, 28.75051259994507, 25 , 42.60246402253009, 0.046641441810930835, 0.029609353725646468, 0.474643372032344, 5.335892494391007, 0.33242380656035175, -1.1887913133399962e-06, 0.012534216997672341, 21711, 22050, 21775
4, 28.854356288909912, 28.864567279815674, 26 , 42.60246402253009, 0.046641441810930835, 0.029609353725646468, 0.474643372032344, 5.335892494391007, 0.33242380656035175, -1.1887913133399962e-06, 0.012534216997672341, 21866, 22012, 21658
4, 28.734336614608765, 28.744847297668457, 27 , 42.60246402253009, 0.046641441810930835, 0.029609353725646468, 0.474643372032344, 5.335892494391007, 0.33242380656035175, -1.1887913133399962e-06, 0.012534216997672341, 21796, 21978, 21762
4, 28.82326078414917, 28.833675384521484, 28 , 42.60246402253009, 0.046641441810930835, 0.029609353725646468, 0.474643372032344, 5.335892494391007, 0.33242380656035175, -1.1887913133399962e-06, 0.012534216997672341, 21840, 21980, 21716
4, 28.73113775253296, 28.741769075393677, 29 , 42.60246402253009, 0.046641441810930835, 0.029609353725646468, 0.474643372032344, 5.335892494391007, 0.33242380656035175, -1.1887913133399962e-06, 0.012534216997672341, 21804, 21953, 21779
4, 28.830721139907837, 28.8411545753479, 30 , 42.60246402253009, 0.046641441810930835, 0.029609353725646468, 0.474643372032344, 5.335892494391007, 0.33242380656035175, -1.1887913133399962e-06, 0.012534216997672341, 21840, 22036, 21660
4, 28.7136652469635, 28.72406768798828, 31 , 42.60246402253009, 0.046641441810930835, 0.029609353725646468, 0.474643372032344, 5.335892494391007, 0.33242380656035175, -1.1887913133399962e-06, 0.012534216997672341, 21795, 21979, 21762
4, 28.819667100906372, 28.829559564590454, 32 , 42.60246402253009, 0.046641441810930835, 0.029609353725646468, 0.474643372032344, 5.335892494391007, 0.33242380656035175, -1.1887913133399962e-06, 0.012534216997672341, 21856, 21984, 21696
4, 28.703472137451172, 28.713752031326294, 33 , 42.60246402253009, 0.046641441810930835, 0.029609353725646468, 0.474643372032344, 5.335892494391007, 0.33242380656035175, -1.1887913133399962e-06, 0.012534216997672341, 21780, 21978, 21778
4, 28.78502321243286, 28.79534101486206, 34 , 42.60246402253009, 0.046641441810930835, 0.029609353725646468, 0.474643372032344, 5.335892494391007, 0.33242380656035175, -1.1887913133399962e-06, 0.012534216997672341, 21828, 22032, 21676
4, 28.66074013710022, 28.671233892440796, 35 , 42.60246402253009, 0.046641441810930835, 0.029609353725646468, 0.474643372032344, 5.335892494391007, 0.33242380656035175, -1.1887913133399962e-06, 0.012534216997672341, 21735, 21945, 21856
4, 28.77030062675476, 28.780892610549927, 36 , 42.60246402253009, 0.046641441810930835, 0.029609353725646468, 0.474643372032344, 5.335892494391007, 0.33242380656035175, -1.1887913133399962e-06, 0.012534216997672341, 21816, 21976, 21744
4, 28.67769956588745, 28.688102960586548, 37 , 42.60246402253009, 0.046641441810930835, 0.029609353725646468, 0.474643372032344, 5.335892494391007, 0.33242380656035175, -1.1887913133399962e-06, 0.012534216997672341, 21793, 21978, 21765
4, 28.791354179382324, 28.80188798904419, 38 , 42.60246402253009, 0.046641441810930835, 0.029609353725646468, 0.474643372032344, 5.335892494391007, 0.33242380656035175, -1.1887913133399962e-06, 0.012534216997672341, 21850, 22040, 21646
4, 28.679630517959595, 28.690008401870728, 39 , 42.60246402253009, 0.046641441810930835, 0.029609353725646468, 0.474643372032344, 5.335892494391007, 0.33242380656035175, -1.1887913133399962e-06, 0.012534216997672341, 21801, 21957, 21778
8, 14.795971393585205, 14.806711673736572, 1 , 42.60246402253009, 0.046641441810930835, 0.029609353725646468, 0.474643372032344, 5.335892494391007, 0.33242380656035175, -1.1887913133399962e-06, 0.012534216997672341, 9236, 9248, 9555, 9188, 9520, 9598, 9191
8, 13.416172981262207, 13.426728010177612, 2 , 42.60246402253009, 0.046641441810930835, 0.029609353725646468, 0.474643372032344, 5.335892494391007, 0.33242380656035175, -1.1887913133399962e-06, 0.012534216997672341, 9390, 9378, 9398, 9340, 9336, 9352, 9342
8, 13.042301893234253, 13.05287480354309, 3 , 42.60246402253009, 0.046641441810930835, 0.029609353725646468, 0.474643372032344, 5.335892494391007, 0.33242380656035175, -1.1887913133399962e-06, 0.012534216997672341, 9414, 9420, 9435, 9297, 9309, 9346, 9315
8, 13.073867082595825, 13.084762334823608, 4 , 42.60246402253009, 0.046641441810930835, 0.029609353725646468, 0.474643372032344, 5.335892494391007, 0.33242380656035175, -1.1887913133399962e-06, 0.012534216997672341, 9444, 9432, 9408, 9240, 9296, 9368, 9348
8, 12.802301406860352, 12.813039541244507, 5 , 42.60246402253009, 0.046641441810930835, 0.029609353725646468, 0.474643372032344, 5.335892494391007, 0.33242380656035175, -1.1887913133399962e-06, 0.012534216997672341, 9485, 9470, 9425, 9235, 9221, 9410, 9290
8, 12.967613458633423, 12.978095054626465, 6 , 42.60246402253009, 0.046641441810930835, 0.029609353725646468, 0.474643372032344, 5.335892494391007, 0.33242380656035175, -1.1887913133399962e-06, 0.012534216997672341, 9484, 9552, 9420, 9198, 9228, 9372, 9282
8, 12.72365927696228, 12.734186887741089, 7 , 42.60246402253009, 0.046641441810930835, 0.029609353725646468, 0.474643372032344, 5.335892494391007, 0.33242380656035175, -1.1887913133399962e-06, 0.012534216997672341, 9478, 9424, 9443, 9240, 9268, 9394, 9289
8, 12.895498037338257, 12.905884981155396, 8 , 42.60246402253009, 0.046641441810930835, 0.029609353725646468, 0.474643372032344, 5.335892494391007, 0.33242380656035175, -1.1887913133399962e-06, 0.012534216997672341, 9528, 9544, 9400, 9128, 9264, 9392, 9280
8, 12.660831451416016, 12.67139720916748, 9 , 42.60246402253009, 0.046641441810930835, 0.029609353725646468, 0.474643372032344, 5.335892494391007, 0.33242380656035175, -1.1887913133399962e-06, 0.012534216997672341, 9486, 9459, 9450, 9189, 9261, 9430, 9261
8, 12.827568531036377, 12.83788800239563, 10 , 42.60246402253009, 0.046641441810930835, 0.029609353725646468, 0.474643372032344, 5.335892494391007, 0.33242380656035175, -1.1887913133399962e-06, 0.012534216997672341, 9480, 9550, 9436, 9190, 9220, 9370, 9290
8, 12.617305040359497, 12.627481460571289, 11 , 42.60246402253009, 0.046641441810930835, 0.029609353725646468, 0.474643372032344, 5.335892494391007, 0.33242380656035175, -1.1887913133399962e-06, 0.012534216997672341, 9493, 9449, 9469, 9185, 9251, 9427, 9262
8, 12.789546251296997, 12.800016641616821, 12 , 42.60246402253009, 0.046641441810930835, 0.029609353725646468, 0.474643372032344, 5.335892494391007, 0.33242380656035175, -1.1887913133399962e-06, 0.012534216997672341, 9480, 9540, 9456, 9192, 9208, 9372, 9288
8, 12.598982095718384, 12.609496593475342, 13 , 42.60246402253009, 0.046641441810930835, 0.029609353725646468, 0.474643372032344, 5.335892494391007, 0.33242380656035175, -1.1887913133399962e-06, 0.012534216997672341, 9503, 9438, 9451, 9181, 9256, 9425, 9282
8, 12.77431607246399, 12.784671306610107, 14 , 42.60246402253009, 0.046641441810930835, 0.029609353725646468, 0.474643372032344, 5.335892494391007, 0.33242380656035175, -1.1887913133399962e-06, 0.012534216997672341, 9478, 9534, 9436, 9198, 9214, 9380, 9296
8, 12.580295085906982, 12.590863704681396, 15 , 42.60246402253009, 0.046641441810930835, 0.029609353725646468, 0.474643372032344, 5.335892494391007, 0.33242380656035175, -1.1887913133399962e-06, 0.012534216997672341, 9495, 9450, 9420, 9195, 9270, 9435, 9271
8, 12.758341312408447, 12.769003868103027, 16 , 42.60246402253009, 0.046641441810930835, 0.029609353725646468, 0.474643372032344, 5.335892494391007, 0.33242380656035175, -1.1887913133399962e-06, 0.012534216997672341, 9472, 9536, 9424, 9200, 9216, 9392, 9296
8, 12.608652591705322, 12.619141578674316, 17 , 42.60246402253009, 0.046641441810930835, 0.029609353725646468, 0.474643372032344, 5.335892494391007, 0.33242380656035175, -1.1887913133399962e-06, 0.012534216997672341, 9435, 9436, 9452, 9299, 9265, 9367, 9282
8, 12.532958984375, 12.543579816818237, 18 , 42.60246402253009, 0.046641441810930835, 0.029609353725646468, 0.474643372032344, 5.335892494391007, 0.33242380656035175, -1.1887913133399962e-06, 0.012534216997672341, 9522, 9468, 9414, 9180, 9198, 9450, 9304
8, 12.482168436050415, 12.492825746536255, 19 , 42.60246402253009, 0.046641441810930835, 0.029609353725646468, 0.474643372032344, 5.335892494391007, 0.33242380656035175, -1.1887913133399962e-06, 0.012534216997672341, 9443, 9367, 9405, 9291, 9329, 9405, 9296
8, 12.522263765335083, 12.533069133758545, 20 , 42.60246402253009, 0.046641441810930835, 0.029609353725646468, 0.474643372032344, 5.335892494391007, 0.33242380656035175, -1.1887913133399962e-06, 0.012534216997672341, 9560, 9480, 9340, 9140, 9200, 9480, 9336
8, 12.472159385681152, 12.482523918151855, 21 , 42.60246402253009, 0.046641441810930835, 0.029609353725646468, 0.474643372032344, 5.335892494391007, 0.33242380656035175, -1.1887913133399962e-06, 0.012534216997672341, 9450, 9361, 9387, 9282, 9345, 9408, 9303
8, 12.519654750823975, 12.529905796051025, 22 , 42.60246402253009, 0.046641441810930835, 0.029609353725646468, 0.474643372032344, 5.335892494391007, 0.33242380656035175, -1.1887913133399962e-06, 0.012534216997672341, 9568, 9460, 9372, 9152, 9218, 9460, 9306
8, 12.476958513259888, 12.486837387084961, 23 , 42.60246402253009, 0.046641441810930835, 0.029609353725646468, 0.474643372032344, 5.335892494391007, 0.33242380656035175, -1.1887913133399962e-06, 0.012534216997672341, 9453, 9361, 9338, 9315, 9338, 9416, 9315
8, 12.492943286895752, 12.503628492355347, 24 , 42.60246402253009, 0.046641441810930835, 0.029609353725646468, 0.474643372032344, 5.335892494391007, 0.33242380656035175, -1.1887913133399962e-06, 0.012534216997672341, 9528, 9456, 9384, 9184, 9192, 9456, 9336
8, 12.472814083099365, 12.483052015304565, 25 , 42.60246402253009, 0.046641441810930835, 0.029609353725646468, 0.474643372032344, 5.335892494391007, 0.33242380656035175, -1.1887913133399962e-06, 0.012534216997672341, 9450, 9350, 9350, 9300, 9350, 9425, 9311
8, 12.509017705917358, 12.519380569458008, 26 , 42.60246402253009, 0.046641441810930835, 0.029609353725646468, 0.474643372032344, 5.335892494391007, 0.33242380656035175, -1.1887913133399962e-06, 0.012534216997672341, 9542, 9464, 9376, 9152, 9230, 9464, 9308
8, 12.467493772506714, 12.47780179977417, 27 , 42.60246402253009, 0.046641441810930835, 0.029609353725646468, 0.474643372032344, 5.335892494391007, 0.33242380656035175, -1.1887913133399962e-06, 0.012534216997672341, 9450, 9369, 9342, 9288, 9349, 9423, 9315
8, 12.490279197692871, 12.500716209411621, 28 , 42.60246402253009, 0.046641441810930835, 0.029609353725646468, 0.474643372032344, 5.335892494391007, 0.33242380656035175, -1.1887913133399962e-06, 0.012534216997672341, 9548, 9464, 9368, 9184, 9184, 9464, 9324
8, 12.453658103942871, 12.464099645614624, 29 , 42.60246402253009, 0.046641441810930835, 0.029609353725646468, 0.474643372032344, 5.335892494391007, 0.33242380656035175, -1.1887913133399962e-06, 0.012534216997672341, 9425, 9367, 9367, 9305, 9338, 9425, 9309
8, 12.497053623199463, 12.507658004760742, 30 , 42.60246402253009, 0.046641441810930835, 0.029609353725646468, 0.474643372032344, 5.335892494391007, 0.33242380656035175, -1.1887913133399962e-06, 0.012534216997672341, 9540, 9480, 9360, 9150, 9226, 9480, 9300
8, 12.459192037582397, 12.469722986221313, 31 , 42.60246402253009, 0.046641441810930835, 0.029609353725646468, 0.474643372032344, 5.335892494391007, 0.33242380656035175, -1.1887913133399962e-06, 0.012534216997672341, 9455, 9362, 9362, 9300, 9333, 9424, 9300
8, 12.496315717697144, 12.506675243377686, 32 , 42.60246402253009, 0.046641441810930835, 0.029609353725646468, 0.474643372032344, 5.335892494391007, 0.33242380656035175, -1.1887913133399962e-06, 0.012534216997672341, 9536, 9472, 9344, 9184, 9216, 9440, 9344
8, 12.456583738327026, 12.466900110244751, 33 , 42.60246402253009, 0.046641441810930835, 0.029609353725646468, 0.474643372032344, 5.335892494391007, 0.33242380656035175, -1.1887913133399962e-06, 0.012534216997672341, 9438, 9372, 9339, 9306, 9339, 9436, 9306
8, 12.504886627197266, 12.515509366989136, 34 , 42.60246402253009, 0.046641441810930835, 0.029609353725646468, 0.474643372032344, 5.335892494391007, 0.33242380656035175, -1.1887913133399962e-06, 0.012534216997672341, 9520, 9452, 9384, 9146, 9232, 9452, 9350
8, 12.44794249534607, 12.458311796188354, 35 , 42.60246402253009, 0.046641441810930835, 0.029609353725646468, 0.474643372032344, 5.335892494391007, 0.33242380656035175, -1.1887913133399962e-06, 0.012534216997672341, 9431, 9380, 9345, 9310, 9345, 9415, 9310
8, 12.487740516662598, 12.498126745223999, 36 , 42.60246402253009, 0.046641441810930835, 0.029609353725646468, 0.474643372032344, 5.335892494391007, 0.33242380656035175, -1.1887913133399962e-06, 0.012534216997672341, 9540, 9468, 9360, 9180, 9196, 9468, 9324
8, 12.453011751174927, 12.46366810798645, 37 , 42.60246402253009, 0.046641441810930835, 0.029609353725646468, 0.474643372032344, 5.335892494391007, 0.33242380656035175, -1.1887913133399962e-06, 0.012534216997672341, 9398, 9361, 9333, 9324, 9361, 9435, 9324
8, 12.48039960861206, 12.490722894668579, 38 , 42.60246402253009, 0.046641441810930835, 0.029609353725646468, 0.474643372032344, 5.335892494391007, 0.33242380656035175, -1.1887913133399962e-06, 0.012534216997672341, 9538, 9462, 9386, 9158, 9220, 9462, 9310
8, 12.440748453140259, 12.450603008270264, 39 , 42.60246402253009, 0.046641441810930835, 0.029609353725646468, 0.474643372032344, 5.335892494391007, 0.33242380656035175, -1.1887913133399962e-06, 0.012534216997672341, 9438, 9360, 9399, 9282, 9321, 9438, 9298
16, 11.291117906570435, 11.301591634750366, 1 , 42.60246402253009, 0.046641441810930835, 0.029609353725646468, 0.474643372032344, 5.335892494391007, 0.33242380656035175, -1.1887913133399962e-06, 0.012534216997672341, 4293, 4280, 4301, 4278, 4274, 4283, 4283, 4517, 4295, 4282, 5217, 4273, 4372, 4302, 4286
16, 7.514568090438843, 7.525047779083252, 2 , 42.60246402253009, 0.046641441810930835, 0.029609353725646468, 0.474643372032344, 5.335892494391007, 0.33242380656035175, -1.1887913133399962e-06, 0.012534216997672341, 4334, 4324, 4336, 4306, 4300, 4320, 4292, 4980, 4338, 4326, 4372, 4306, 4336, 4360, 4306
16, 7.149430274963379, 7.159324884414673, 3 , 42.60246402253009, 0.046641441810930835, 0.029609353725646468, 0.474643372032344, 5.335892494391007, 0.33242380656035175, -1.1887913133399962e-06, 0.012534216997672341, 4332, 4320, 4332, 4311, 4296, 4329, 4296, 5094, 4335, 4320, 4333, 4311, 4296, 4332, 4299
16, 7.153366804122925, 7.163815975189209, 4 , 42.60246402253009, 0.046641441810930835, 0.029609353725646468, 0.474643372032344, 5.335892494391007, 0.33242380656035175, -1.1887913133399962e-06, 0.012534216997672341, 4320, 4320, 4328, 4316, 4312, 4328, 4252, 5176, 4324, 4320, 4332, 4316, 4312, 4328, 4252
16, 7.072380304336548, 7.0830161571502686, 5 , 42.60246402253009, 0.046641441810930835, 0.029609353725646468, 0.474643372032344, 5.335892494391007, 0.33242380656035175, -1.1887913133399962e-06, 0.012534216997672341, 4320, 4320, 4325, 4320, 4320, 4325, 4250, 5165, 4325, 4320, 4330, 4320, 4321, 4325, 4250
16, 7.205665111541748, 7.21611213684082, 6 , 42.60246402253009, 0.046641441810930835, 0.029609353725646468, 0.474643372032344, 5.335892494391007, 0.33242380656035175, -1.1887913133399962e-06, 0.012534216997672341, 4308, 4348, 4326, 4350, 4302, 4284, 4260, 5160, 4314, 4350, 4332, 4350, 4308, 4284, 4260
16, 7.065735578536987, 7.076101541519165, 7 , 42.60246402253009, 0.046641441810930835, 0.029609353725646468, 0.474643372032344, 5.335892494391007, 0.33242380656035175, -1.1887913133399962e-06, 0.012534216997672341, 4319, 4305, 4298, 4319, 4298, 4312, 4277, 5271, 4319, 4307, 4305, 4319, 4298, 4312, 4277
16, 7.166442394256592, 7.176673889160156, 8 , 42.60246402253009, 0.046641441810930835, 0.029609353725646468, 0.474643372032344, 5.335892494391007, 0.33242380656035175, -1.1887913133399962e-06, 0.012534216997672341, 4328, 4320, 4312, 4352, 4328, 4272, 4272, 5152, 4328, 4328, 4320, 4352, 4328, 4272, 4272
16, 7.02900767326355, 7.039381742477417, 9 , 42.60246402253009, 0.046641441810930835, 0.029609353725646468, 0.474643372032344, 5.335892494391007, 0.33242380656035175, -1.1887913133399962e-06, 0.012534216997672341, 4347, 4293, 4293, 4311, 4293, 4329, 4266, 5256, 4354, 4302, 4293, 4311, 4293, 4329, 4266
16, 7.15678334236145, 7.167098522186279, 10 , 42.60246402253009, 0.046641441810930835, 0.029609353725646468, 0.474643372032344, 5.335892494391007, 0.33242380656035175, -1.1887913133399962e-06, 0.012534216997672341, 4330, 4330, 4310, 4360, 4310, 4280, 4260, 5170, 4330, 4336, 4310, 4360, 4310, 4280, 4260
16, 7.015044689178467, 7.0252509117126465, 11 , 42.60246402253009, 0.046641441810930835, 0.029609353725646468, 0.474643372032344, 5.335892494391007, 0.33242380656035175, -1.1887913133399962e-06, 0.012534216997672341, 4345, 4290, 4279, 4312, 4290, 4334, 4268, 5269, 4354, 4301, 4290, 4312, 4290, 4334, 4268
16, 7.150519132614136, 7.1608545780181885, 12 , 42.60246402253009, 0.046641441810930835, 0.029609353725646468, 0.474643372032344, 5.335892494391007, 0.33242380656035175, -1.1887913133399962e-06, 0.012534216997672341, 4320, 4332, 4308, 4356, 4308, 4284, 4260, 5172, 4332, 4332, 4320, 4356, 4312, 4284, 4260
16, 7.0069732666015625, 7.0173985958099365, 13 , 42.60246402253009, 0.046641441810930835, 0.029609353725646468, 0.474643372032344, 5.335892494391007, 0.33242380656035175, -1.1887913133399962e-06, 0.012534216997672341, 4342, 4290, 4290, 4316, 4290, 4332, 4264, 5278, 4342, 4290, 4290, 4316, 4290, 4342, 4264
16, 7.144058704376221, 7.154298782348633, 14 , 42.60246402253009, 0.046641441810930835, 0.029609353725646468, 0.474643372032344, 5.335892494391007, 0.33242380656035175, -1.1887913133399962e-06, 0.012534216997672341, 4312, 4326, 4326, 4354, 4312, 4284, 4256, 5166, 4326, 4340, 4326, 4354, 4312, 4284, 4258
16, 6.999702453613281, 7.010222673416138, 15 , 42.60246402253009, 0.046641441810930835, 0.029609353725646468, 0.474643372032344, 5.335892494391007, 0.33242380656035175, -1.1887913133399962e-06, 0.012534216997672341, 4336, 4290, 4290, 4320, 4290, 4335, 4260, 5280, 4350, 4290, 4290, 4320, 4290, 4335, 4260
16, 7.142117738723755, 7.15251612663269, 16 , 42.60246402253009, 0.046641441810930835, 0.029609353725646468, 0.474643372032344, 5.335892494391007, 0.33242380656035175, -1.1887913133399962e-06, 0.012534216997672341, 4320, 4336, 4304, 4352, 4320, 4288, 4256, 5168, 4320, 4336, 4320, 4352, 4320, 4288, 4256
16, 7.009363651275635, 7.019672870635986, 17 , 42.60246402253009, 0.046641441810930835, 0.029609353725646468, 0.474643372032344, 5.335892494391007, 0.33242380656035175, -1.1887913133399962e-06, 0.012534216997672341, 4352, 4301, 4335, 4267, 4284, 4352, 4267, 5219, 4352, 4301, 4335, 4268, 4284, 4352, 4267
16, 6.989720344543457, 6.999917268753052, 18 , 42.60246402253009, 0.046641441810930835, 0.029609353725646468, 0.474643372032344, 5.335892494391007, 0.33242380656035175, -1.1887913133399962e-06, 0.012534216997672341, 4320, 4302, 4302, 4320, 4320, 4302, 4264, 5238, 4320, 4320, 4320, 4320, 4320, 4302, 4266
16, 6.968741178512573, 6.979215383529663, 19 , 42.60246402253009, 0.046641441810930835, 0.029609353725646468, 0.474643372032344, 5.335892494391007, 0.33242380656035175, -1.1887913133399962e-06, 0.012534216997672341, 4351, 4275, 4294, 4313, 4294, 4351, 4275, 5173, 4370, 4294, 4294, 4332, 4294, 4351, 4275
16, 6.983915090560913, 6.994368314743042, 20 , 42.60246402253009, 0.046641441810930835, 0.029609353725646468, 0.474643372032344, 5.335892494391007, 0.33242380656035175, -1.1887913133399962e-06, 0.012534216997672341, 4340, 4300, 4300, 4320, 4300, 4320, 4260, 5220, 4356, 4320, 4300, 4320, 4300, 4320, 4260
16, 6.95235276222229, 6.962884187698364, 21 , 42.60246402253009, 0.046641441810930835, 0.029609353725646468, 0.474643372032344, 5.335892494391007, 0.33242380656035175, -1.1887913133399962e-06, 0.012534216997672341, 4347, 4284, 4305, 4305, 4284, 4347, 4284, 5208, 4347, 4284, 4305, 4321, 4284, 4347, 4284
16, 6.989422559738159, 6.999432563781738, 22 , 42.60246402253009, 0.046641441810930835, 0.029609353725646468, 0.474643372032344, 5.335892494391007, 0.33242380656035175, -1.1887913133399962e-06, 0.012534216997672341, 4334, 4312, 4312, 4312, 4312, 4312, 4266, 5236, 4334, 4312, 4312, 4312, 4312, 4312, 4246
16, 6.9714741706848145, 6.981564044952393, 23 , 42.60246402253009, 0.046641441810930835, 0.029609353725646468, 0.474643372032344, 5.335892494391007, 0.33242380656035175, -1.1887913133399962e-06, 0.012534216997672341, 4347, 4278, 4301, 4324, 4301, 4347, 4278, 5152, 4356, 4278, 4324, 4324, 4301, 4347, 4278
16, 6.98589825630188, 6.995917797088623, 24 , 42.60246402253009, 0.046641441810930835, 0.029609353725646468, 0.474643372032344, 5.335892494391007, 0.33242380656035175, -1.1887913133399962e-06, 0.012534216997672341, 4320, 4296, 4296, 4320, 4320, 4320, 4272, 5208, 4344, 4320, 4296, 4320, 4320, 4320, 4264
16, 6.968396425247192, 6.978617191314697, 25 , 42.60246402253009, 0.046641441810930835, 0.029609353725646468, 0.474643372032344, 5.335892494391007, 0.33242380656035175, -1.1887913133399962e-06, 0.012534216997672341, 4350, 4275, 4275, 4325, 4300, 4350, 4286, 5150, 4350, 4300, 4300, 4325, 4300, 4350, 4300
16, 6.986967086791992, 6.997053146362305, 26 , 42.60246402253009, 0.046641441810930835, 0.029609353725646468, 0.474643372032344, 5.335892494391007, 0.33242380656035175, -1.1887913133399962e-06, 0.012534216997672341, 4316, 4316, 4306, 4316, 4316, 4316, 4264, 5200, 4342, 4316, 4316, 4316, 4316, 4316, 4264
16, 6.959238290786743, 6.969741106033325, 27 , 42.60246402253009, 0.046641441810930835, 0.029609353725646468, 0.474643372032344, 5.335892494391007, 0.33242380656035175, -1.1887913133399962e-06, 0.012534216997672341, 4347, 4293, 4320, 4320, 4293, 4347, 4273, 5157, 4347, 4293, 4320, 4320, 4293, 4347, 4266
16, 6.985990762710571, 6.996495723724365, 28 , 42.60246402253009, 0.046641441810930835, 0.029609353725646468, 0.474643372032344, 5.335892494391007, 0.33242380656035175, -1.1887913133399962e-06, 0.012534216997672341, 4328, 4312, 4312, 4312, 4312, 4312, 4256, 5236, 4340, 4312, 4312, 4312, 4312, 4312, 4256
16, 6.957913160324097, 6.9682087898254395, 29 , 42.60246402253009, 0.046641441810930835, 0.029609353725646468, 0.474643372032344, 5.335892494391007, 0.33242380656035175, -1.1887913133399962e-06, 0.012534216997672341, 4350, 4288, 4292, 4321, 4292, 4350, 4292, 5162, 4350, 4292, 4292, 4321, 4292, 4350, 4292
16, 6.978251218795776, 6.988452672958374, 30 , 42.60246402253009, 0.046641441810930835, 0.029609353725646468, 0.474643372032344, 5.335892494391007, 0.33242380656035175, -1.1887913133399962e-06, 0.012534216997672341, 4320, 4320, 4320, 4320, 4290, 4306, 4260, 5220, 4350, 4320, 4320, 4320, 4290, 4320, 4260
16, 6.95960545539856, 6.970021724700928, 31 , 42.60246402253009, 0.046641441810930835, 0.029609353725646468, 0.474643372032344, 5.335892494391007, 0.33242380656035175, -1.1887913133399962e-06, 0.012534216997672341, 4340, 4278, 4309, 4309, 4278, 4340, 4278, 5177, 4371, 4278, 4309, 4340, 4280, 4371, 4278
16, 6.988622426986694, 6.999011516571045, 32 , 42.60246402253009, 0.046641441810930835, 0.029609353725646468, 0.474643372032344, 5.335892494391007, 0.33242380656035175, -1.1887913133399962e-06, 0.012534216997672341, 4320, 4288, 4320, 4320, 4288, 4320, 4256, 5216, 4352, 4320, 4320, 4320, 4320, 4320, 4256
16, 6.949621915817261, 6.9599432945251465, 33 , 42.60246402253009, 0.046641441810930835, 0.029609353725646468, 0.474643372032344, 5.335892494391007, 0.33242380656035175, -1.1887913133399962e-06, 0.012534216997672341, 4323, 4257, 4290, 4323, 4290, 4356, 4290, 5181, 4356, 4290, 4321, 4323, 4290, 4356, 4290
16, 6.993033409118652, 7.003399848937988, 34 , 42.60246402253009, 0.046641441810930835, 0.029609353725646468, 0.474643372032344, 5.335892494391007, 0.33242380656035175, -1.1887913133399962e-06, 0.012534216997672341, 4318, 4318, 4318, 4318, 4318, 4318, 4250, 5220, 4318, 4318, 4318, 4318, 4318, 4318, 4250
16, 6.958711385726929, 6.969134092330933, 35 , 42.60246402253009, 0.046641441810930835, 0.029609353725646468, 0.474643372032344, 5.335892494391007, 0.33242380656035175, -1.1887913133399962e-06, 0.012534216997672341, 4375, 4270, 4305, 4340, 4286, 4340, 4270, 5180, 4340, 4270, 4305, 4340, 4305, 4340, 4270
16, 6.977102756500244, 6.9874114990234375, 36 , 42.60246402253009, 0.046641441810930835, 0.029609353725646468, 0.474643372032344, 5.335892494391007, 0.33242380656035175, -1.1887913133399962e-06, 0.012534216997672341, 4320, 4320, 4320, 4320, 4300, 4320, 4248, 5220, 4320, 4320, 4320, 4320, 4320, 4320, 4248
16, 6.954178333282471, 6.964669704437256, 37 , 42.60246402253009, 0.046641441810930835, 0.029609353725646468, 0.474643372032344, 5.335892494391007, 0.33242380656035175, -1.1887913133399962e-06, 0.012534216997672341, 4329, 4292, 4292, 4329, 4292, 4338, 4292, 5180, 4329, 4292, 4292, 4329, 4292, 4366, 4292
16, 6.995789527893066, 7.005795001983643, 38 , 42.60246402253009, 0.046641441810930835, 0.029609353725646468, 0.474643372032344, 5.335892494391007, 0.33242380656035175, -1.1887913133399962e-06, 0.012534216997672341, 4332, 4294, 4332, 4332, 4294, 4332, 4256, 5168, 4332, 4318, 4332, 4332, 4294, 4332, 4256
16, 6.951967000961304, 6.962015390396118, 39 , 42.60246402253009, 0.046641441810930835, 0.029609353725646468, 0.474643372032344, 5.335892494391007, 0.33242380656035175, -1.1887913133399962e-06, 0.012534216997672341, 4368, 4290, 4290, 4329, 4290, 4329, 4290, 5148, 4368, 4290, 4290, 4329, 4290, 4345, 4290
32, 12.015411853790283, 12.028297662734985, 1 , 42.60246402253009, 0.046641441810930835, 0.029609353725646468, 0.474643372032344, 5.335892494391007, 0.33242380656035175, -1.1887913133399962e-06, 0.012534216997672341, 2073, 2091, 2095, 2089, 2083, 2082, 2074, 2272, 2074, 2100, 2093, 2082, 2083, 2078, 2080, 2189, 2083, 2092, 2133, 2099, 2094, 2089, 2079, 2170, 2533, 2106, 2091, 2084, 2076, 2087, 2082
32, 7.268068552017212, 7.281094789505005, 2 , 42.60246402253009, 0.046641441810930835, 0.029609353725646468, 0.474643372032344, 5.335892494391007, 0.33242380656035175, -1.1887913133399962e-06, 0.012534216997672341, 2070, 2080, 2090, 2082, 2074, 2076, 2066, 2396, 2066, 2090, 2082, 2076, 2076, 2072, 2064, 2270, 2066, 2076, 2150, 2108, 2082, 2084, 2072, 2206, 2512, 2090, 2076, 2080, 2068, 2070, 2066
32, 6.102903604507446, 6.1151299476623535, 3 , 42.60246402253009, 0.046641441810930835, 0.029609353725646468, 0.474643372032344, 5.335892494391007, 0.33242380656035175, -1.1887913133399962e-06, 0.012534216997672341, 2100, 2094, 2088, 2085, 2079, 2076, 2085, 2517, 2094, 2094, 2088, 2082, 2079, 2076, 2082, 2334, 2094, 2094, 2091, 2089, 2079, 2079, 2085, 2259, 2094, 2097, 2088, 2088, 2076, 2079, 2091
32, 5.77495002746582, 5.787254333496094, 4 , 42.60246402253009, 0.046641441810930835, 0.029609353725646468, 0.474643372032344, 5.335892494391007, 0.33242380656035175, -1.1887913133399962e-06, 0.012534216997672341, 2096, 2080, 2088, 2072, 2076, 2088, 2068, 2576, 2088, 2088, 2076, 2076, 2080, 2084, 2068, 2388, 2088, 2092, 2080, 2072, 2080, 2076, 2068, 2288, 2100, 2100, 2092, 2076, 2080, 2080, 2072
32, 5.683268070220947, 5.694962024688721, 5 , 42.60246402253009, 0.046641441810930835, 0.029609353725646468, 0.474643372032344, 5.335892494391007, 0.33242380656035175, -1.1887913133399962e-06, 0.012534216997672341, 2090, 2070, 2080, 2075, 2060, 2065, 2075, 2606, 2070, 2080, 2075, 2075, 2095, 2075, 2075, 2425, 2090, 2085, 2080, 2085, 2065, 2065, 2070, 2300, 2090, 2085, 2095, 2090, 2095, 2075, 2075
32, 5.710041284561157, 5.72182559967041, 6 , 42.60246402253009, 0.046641441810930835, 0.029609353725646468, 0.474643372032344, 5.335892494391007, 0.33242380656035175, -1.1887913133399962e-06, 0.012534216997672341, 2088, 2070, 2076, 2070, 2088, 2064, 2058, 2640, 2082, 2076, 2076, 2076, 2088, 2058, 2058, 2436, 2094, 2070, 2074, 2100, 2088, 2064, 2064, 2286, 2100, 2076, 2082, 2106, 2088, 2070, 2070
32, 5.677549600601196, 5.689893484115601, 7 , 42.60246402253009, 0.046641441810930835, 0.029609353725646468, 0.474643372032344, 5.335892494391007, 0.33242380656035175, -1.1887913133399962e-06, 0.012534216997672341, 2093, 2079, 2072, 2067, 2072, 2058, 2065, 2653, 2086, 2079, 2086, 2072, 2065, 2058, 2065, 2415, 2079, 2079, 2093, 2086, 2079, 2065, 2079, 2317, 2086, 2086, 2079, 2093, 2072, 2072, 2086
32, 5.696920394897461, 5.708922624588013, 8 , 42.60246402253009, 0.046641441810930835, 0.029609353725646468, 0.474643372032344, 5.335892494391007, 0.33242380656035175, -1.1887913133399962e-06, 0.012534216997672341, 2080, 2072, 2088, 2080, 2080, 2056, 2056, 2632, 2080, 2080, 2072, 2080, 2088, 2056, 2064, 2440, 2088, 2080, 2080, 2080, 2088, 2064, 2064, 2304, 2096, 2080, 2088, 2088, 2088, 2072, 2072
32, 5.655662536621094, 5.667815923690796, 9 , 42.60246402253009, 0.046641441810930835, 0.029609353725646468, 0.474643372032344, 5.335892494391007, 0.33242380656035175, -1.1887913133399962e-06, 0.012534216997672341, 2088, 2079, 2079, 2061, 2052, 2061, 2070, 2664, 2088, 2079, 2079, 2061, 2097, 2061, 2079, 2430, 2070, 2079, 2088, 2079, 2061, 2061, 2070, 2313, 2079, 2088, 2079, 2088, 2104, 2070, 2079
32, 5.6967668533325195, 5.708935260772705, 10 , 42.60246402253009, 0.046641441810930835, 0.029609353725646468, 0.474643372032344, 5.335892494391007, 0.33242380656035175, -1.1887913133399962e-06, 0.012534216997672341, 2090, 2070, 2080, 2070, 2080, 2060, 2060, 2640, 2080, 2080, 2080, 2070, 2090, 2060, 2060, 2450, 2080, 2080, 2080, 2070, 2080, 2060, 2080, 2310, 2080, 2090, 2086, 2070, 2100, 2060, 2090
32, 5.6555280685424805, 5.667375564575195, 11 , 42.60246402253009, 0.046641441810930835, 0.029609353725646468, 0.474643372032344, 5.335892494391007, 0.33242380656035175, -1.1887913133399962e-06, 0.012534216997672341, 2079, 2079, 2079, 2068, 2057, 2057, 2068, 2673, 2079, 2079, 2079, 2057, 2057, 2068, 2068, 2453, 2090, 2079, 2090, 2068, 2068, 2079, 2068, 2332, 2090, 2079, 2088, 2079, 2057, 2090, 2079
32, 5.700733661651611, 5.712749719619751, 12 , 42.60246402253009, 0.046641441810930835, 0.029609353725646468, 0.474643372032344, 5.335892494391007, 0.33242380656035175, -1.1887913133399962e-06, 0.012534216997672341, 2076, 2076, 2088, 2064, 2076, 2064, 2052, 2664, 2076, 2088, 2076, 2076, 2076, 2064, 2052, 2460, 2088, 2076, 2076, 2100, 2080, 2064, 2064, 2304, 2088, 2076, 2088, 2100, 2076, 2064, 2064
32, 5.658143997192383, 5.670242547988892, 13 , 42.60246402253009, 0.046641441810930835, 0.029609353725646468, 0.474643372032344, 5.335892494391007, 0.33242380656035175, -1.1887913133399962e-06, 0.012534216997672341, 2080, 2067, 2080, 2054, 2067, 2054, 2067, 2665, 2080, 2067, 2080, 2057, 2067, 2067, 2067, 2457, 2093, 2067, 2093, 2093, 2067, 2080, 2067, 2340, 2093, 2067, 2080, 2093, 2067, 2093, 2067
32, 5.699676036834717, 5.711688041687012, 14 , 42.60246402253009, 0.046641441810930835, 0.029609353725646468, 0.474643372032344, 5.335892494391007, 0.33242380656035175, -1.1887913133399962e-06, 0.012534216997672341, 2086, 2072, 2072, 2072, 2072, 2058, 2058, 2688, 2086, 2086, 2072, 2072, 2072, 2058, 2058, 2478, 2072, 2074, 2072, 2072, 2072, 2072, 2072, 2324, 2086, 2086, 2072, 2072, 2072, 2072, 2086
32, 5.6835737228393555, 5.6958441734313965, 15 , 42.60246402253009, 0.046641441810930835, 0.029609353725646468, 0.474643372032344, 5.335892494391007, 0.33242380656035175, -1.1887913133399962e-06, 0.012534216997672341, 2085, 2070, 2070, 2070, 2070, 2055, 2055, 2715, 2085, 2070, 2070, 2070, 2085, 2055, 2055, 2475, 2085, 2070, 2071, 2085, 2070, 2055, 2070, 2355, 2085, 2070, 2070, 2085, 2085, 2055, 2070
32, 5.709990501403809, 5.722109317779541, 16 , 42.60246402253009, 0.046641441810930835, 0.029609353725646468, 0.474643372032344, 5.335892494391007, 0.33242380656035175, -1.1887913133399962e-06, 0.012534216997672341, 2080, 2064, 2080, 2064, 2064, 2064, 2064, 2688, 2080, 2064, 2080, 2080, 2080, 2064, 2064, 2480, 2080, 2064, 2080, 2080, 2064, 2064, 2080, 2320, 2080, 2080, 2080, 2080, 2080, 2064, 2080
32, 5.620683670043945, 5.632603645324707, 17 , 42.60246402253009, 0.046641441810930835, 0.029609353725646468, 0.474643372032344, 5.335892494391007, 0.33242380656035175, -1.1887913133399962e-06, 0.012534216997672341, 2074, 2074, 2074, 2074, 2058, 2057, 2057, 2703, 2074, 2074, 2074, 2074, 2074, 2057, 2057, 2465, 2091, 2074, 2074, 2091, 2074, 2074, 2057, 2346, 2091, 2074, 2074, 2091, 2074, 2074, 2057
32, 5.655141353607178, 5.667231559753418, 18 , 42.60246402253009, 0.046641441810930835, 0.029609353725646468, 0.474643372032344, 5.335892494391007, 0.33242380656035175, -1.1887913133399962e-06, 0.012534216997672341, 2070, 2070, 2088, 2052, 2070, 2052, 2070, 2682, 2070, 2070, 2070, 2070, 2088, 2052, 2070, 2448, 2070, 2070, 2088, 2070, 2086, 2070, 2070, 2376, 2088, 2070, 2088, 2070, 2088, 2070, 2070
32, 5.612878322601318, 5.6249237060546875, 19 , 42.60246402253009, 0.046641441810930835, 0.029609353725646468, 0.474643372032344, 5.335892494391007, 0.33242380656035175, -1.1887913133399962e-06, 0.012534216997672341, 2071, 2071, 2071, 2071, 2057, 2071, 2052, 2717, 2071, 2071, 2071, 2071, 2071, 2071, 2071, 2470, 2071, 2090, 2090, 2071, 2071, 2071, 2071, 2337, 2071, 2090, 2071, 2071, 2071, 2071, 2071
32, 5.6627912521362305, 5.674887180328369, 20 , 42.60246402253009, 0.046641441810930835, 0.029609353725646468, 0.474643372032344, 5.335892494391007, 0.33242380656035175, -1.1887913133399962e-06, 0.012534216997672341, 2080, 2080, 2080, 2060, 2060, 2060, 2060, 2720, 2080, 2080, 2060, 2060, 2060, 2060, 2060, 2480, 2080, 2080, 2060, 2080, 2060, 2060, 2060, 2376, 2080, 2080, 2100, 2080, 2060, 2060, 2080
32, 5.625188112258911, 5.637423276901245, 21 , 42.60246402253009, 0.046641441810930835, 0.029609353725646468, 0.474643372032344, 5.335892494391007, 0.33242380656035175, -1.1887913133399962e-06, 0.012534216997672341, 2079, 2079, 2058, 2058, 2058, 2058, 2058, 2751, 2079, 2079, 2058, 2058, 2058, 2058, 2058, 2478, 2079, 2079, 2058, 2100, 2058, 2074, 2058, 2373, 2079, 2079, 2058, 2100, 2079, 2079, 2058
32, 5.6559271812438965, 5.668083190917969, 22 , 42.60246402253009, 0.046641441810930835, 0.029609353725646468, 0.474643372032344, 5.335892494391007, 0.33242380656035175, -1.1887913133399962e-06, 0.012534216997672341, 2068, 2068, 2068, 2068, 2068, 2068, 2068, 2726, 2068, 2068, 2068, 2068, 2068, 2068, 2068, 2486, 2068, 2068, 2068, 2068, 2068, 2068, 2068, 2376, 2068, 2068, 2068, 2090, 2090, 2068, 2068
32, 5.613517761230469, 5.62598729133606, 23 , 42.60246402253009, 0.046641441810930835, 0.029609353725646468, 0.474643372032344, 5.335892494391007, 0.33242380656035175, -1.1887913133399962e-06, 0.012534216997672341, 2070, 2070, 2070, 2070, 2070, 2070, 2047, 2760, 2070, 2070, 2070, 2070, 2070, 2070, 2070, 2484, 2070, 2070, 2056, 2070, 2070, 2070, 2070, 2369, 2070, 2070, 2070, 2070, 2070, 2070, 2070
32, 5.658749580383301, 5.67083215713501, 24 , 42.60246402253009, 0.046641441810930835, 0.029609353725646468, 0.474643372032344, 5.335892494391007, 0.33242380656035175, -1.1887913133399962e-06, 0.012534216997672341, 2064, 2064, 2064, 2064, 2064, 2064, 2064, 2736, 2064, 2064, 2064, 2064, 2064, 2064, 2064, 2496, 2088, 2064, 2064, 2088, 2064, 2064, 2064, 2376, 2088, 2064, 2088, 2088, 2080, 2064, 2064
32, 5.626944065093994, 5.6390228271484375, 25 , 42.60246402253009, 0.046641441810930835, 0.029609353725646468, 0.474643372032344, 5.335892494391007, 0.33242380656035175, -1.1887913133399962e-06, 0.012534216997672341, 2075, 2075, 2050, 2050, 2050, 2075, 2050, 2775, 2075, 2075, 2050, 2061, 2075, 2075, 2050, 2500, 2075, 2075, 2050, 2075, 2075, 2075, 2075, 2375, 2075, 2075, 2050, 2075, 2075, 2075, 2075
32, 5.661101818084717, 5.672977447509766, 26 , 42.60246402253009, 0.046641441810930835, 0.029609353725646468, 0.474643372032344, 5.335892494391007, 0.33242380656035175, -1.1887913133399962e-06, 0.012534216997672341, 2054, 2080, 2080, 2054, 2054, 2054, 2054, 2730, 2054, 2080, 2054, 2070, 2080, 2054, 2054, 2496, 2080, 2080, 2080, 2080, 2080, 2054, 2054, 2392, 2080, 2080, 2080, 2080, 2106, 2054, 2054
32, 5.625592231750488, 5.6377599239349365, 27 , 42.60246402253009, 0.046641441810930835, 0.029609353725646468, 0.474643372032344, 5.335892494391007, 0.33242380656035175, -1.1887913133399962e-06, 0.012534216997672341, 2079, 2079, 2052, 2079, 2052, 2052, 2052, 2781, 2079, 2079, 2052, 2079, 2052, 2052, 2052, 2484, 2079, 2079, 2052, 2079, 2079, 2052, 2059, 2376, 2079, 2079, 2052, 2079, 2079, 2079, 2079
32, 5.651083946228027, 5.663232088088989, 28 , 42.60246402253009, 0.046641441810930835, 0.029609353725646468, 0.474643372032344, 5.335892494391007, 0.33242380656035175, -1.1887913133399962e-06, 0.012534216997672341, 2072, 2072, 2072, 2072, 2072, 2044, 2072, 2744, 2072, 2072, 2072, 2072, 2072, 2044, 2072, 2508, 2072, 2072, 2072, 2072, 2072, 2044, 2072, 2380, 2072, 2072, 2072, 2072, 2072, 2044, 2072
32, 5.639709949493408, 5.651761054992676, 29 , 42.60246402253009, 0.046641441810930835, 0.029609353725646468, 0.474643372032344, 5.335892494391007, 0.33242380656035175, -1.1887913133399962e-06, 0.012534216997672341, 2059, 2088, 2059, 2088, 2059, 2059, 2059, 2755, 2059, 2088, 2059, 2088, 2059, 2059, 2059, 2494, 2059, 2088, 2059, 2088, 2059, 2059, 2059, 2378, 2084, 2088, 2059, 2088, 2059, 2059, 2059
32, 5.664772987365723, 5.677018404006958, 30 , 42.60246402253009, 0.046641441810930835, 0.029609353725646468, 0.474643372032344, 5.335892494391007, 0.33242380656035175, -1.1887913133399962e-06, 0.012534216997672341, 2070, 2070, 2070, 2040, 2070, 2070, 2070, 2730, 2070, 2070, 2070, 2056, 2070, 2070, 2070, 2490, 2070, 2070, 2070, 2040, 2070, 2070, 2070, 2400, 2070, 2070, 2100, 2070, 2070, 2070, 2070
32, 5.628556489944458, 5.64057469367981, 31 , 42.60246402253009, 0.046641441810930835, 0.029609353725646468, 0.474643372032344, 5.335892494391007, 0.33242380656035175, -1.1887913133399962e-06, 0.012534216997672341, 2077, 2077, 2046, 2077, 2077, 2046, 2048, 2759, 2077, 2077, 2046, 2077, 2077, 2046, 2077, 2511, 2077, 2077, 2046, 2077, 2077, 2046, 2077, 2387, 2077, 2077, 2046, 2077, 2077, 2046, 2077
32, 5.674566030502319, 5.686553239822388, 32 , 42.60246402253009, 0.046641441810930835, 0.029609353725646468, 0.474643372032344, 5.335892494391007, 0.33242380656035175, -1.1887913133399962e-06, 0.012534216997672341, 2048, 2080, 2080, 2048, 2080, 2048, 2080, 2720, 2080, 2080, 2048, 2048, 2080, 2048, 2080, 2496, 2080, 2080, 2080, 2048, 2080, 2048, 2080, 2368, 2080, 2080, 2080, 2048, 2080, 2080, 2080
32, 5.626039266586304, 5.638034343719482, 33 , 42.60246402253009, 0.046641441810930835, 0.029609353725646468, 0.474643372032344, 5.335892494391007, 0.33242380656035175, -1.1887913133399962e-06, 0.012534216997672341, 2079, 2046, 2046, 2046, 2079, 2046, 2046, 2772, 2079, 2046, 2077, 2046, 2079, 2079, 2046, 2508, 2079, 2079, 2079, 2079, 2079, 2079, 2046, 2376, 2079, 2079, 2079, 2079, 2079, 2079, 2046
32, 5.664824962615967, 5.676793336868286, 34 , 42.60246402253009, 0.046641441810930835, 0.029609353725646468, 0.474643372032344, 5.335892494391007, 0.33242380656035175, -1.1887913133399962e-06, 0.012534216997672341, 2074, 2040, 2074, 2074, 2074, 2040, 2074, 2754, 2074, 2040, 2074, 2074, 2074, 2040, 2074, 2482, 2074, 2074, 2074, 2074, 2074, 2058, 2074, 2380, 2074, 2074, 2074, 2074, 2074, 2074, 2074
32, 5.637283086776733, 5.64950704574585, 35 , 42.60246402253009, 0.046641441810930835, 0.029609353725646468, 0.474643372032344, 5.335892494391007, 0.33242380656035175, -1.1887913133399962e-06, 0.012534216997672341, 2065, 2065, 2065, 2065, 2065, 2065, 2065, 2765, 2065, 2065, 2065, 2065, 2065, 2065, 2065, 2501, 2065, 2065, 2065, 2065, 2065, 2100, 2065, 2380, 2065, 2065, 2065, 2065, 2065, 2100, 2065
32, 5.665167331695557, 5.677120923995972, 36 , 42.60246402253009, 0.046641441810930835, 0.029609353725646468, 0.474643372032344, 5.335892494391007, 0.33242380656035175, -1.1887913133399962e-06, 0.012534216997672341, 2052, 2052, 2088, 2052, 2052, 2052, 2052, 2736, 2052, 2052, 2052, 2052, 2088, 2052, 2052, 2520, 2088, 2052, 2068, 2088, 2088, 2052, 2052, 2412, 2088, 2088, 2088, 2088, 2088, 2052, 2088
32, 5.629947185516357, 5.6420674324035645, 37 , 42.60246402253009, 0.046641441810930835, 0.029609353725646468, 0.474643372032344, 5.335892494391007, 0.33242380656035175, -1.1887913133399962e-06, 0.012534216997672341, 2072, 2072, 2035, 2072, 2072, 2035, 2072, 2775, 2072, 2072, 2035, 2072, 2072, 2044, 2072, 2516, 2072, 2072, 2072, 2072, 2072, 2072, 2072, 2368, 2072, 2072, 2072, 2072, 2072, 2072, 2072
32, 5.6759302616119385, 5.687952995300293, 38 , 42.60246402253009, 0.046641441810930835, 0.029609353725646468, 0.474643372032344, 5.335892494391007, 0.33242380656035175, -1.1887913133399962e-06, 0.012534216997672341, 2052, 2052, 2090, 2052, 2052, 2052, 2052, 2736, 2052, 2076, 2052, 2052, 2090, 2052, 2052, 2508, 2090, 2090, 2052, 2090, 2052, 2052, 2052, 2394, 2090, 2090, 2090, 2090, 2090, 2052, 2090
32, 5.6237633228302, 5.6358373165130615, 39 , 42.60246402253009, 0.046641441810930835, 0.029609353725646468, 0.474643372032344, 5.335892494391007, 0.33242380656035175, -1.1887913133399962e-06, 0.012534216997672341, 2067, 2067, 2067, 2067, 2067, 2067, 2067, 2769, 2067, 2067, 2067, 2067, 2067, 2067, 2067, 2496, 2067, 2067, 2067, 2067, 2067, 2067, 2067, 2379, 2067, 2067, 2067, 2083, 2067, 2067, 2067
64, 12.995768308639526, 13.008498668670654, 1 , 42.60246402253009, 0.046641441810930835, 0.029609353725646468, 0.474643372032344, 5.335892494391007, 0.33242380656035175, -1.1887913133399962e-06, 0.012534216997672341, 863, 860, 1204, 1196, 858, 858, 866, 856, 867, 864, 868, 869, 858, 859, 866, 915, 864, 874, 867, 866, 1198, 1179, 1167, 851, 869, 872, 868, 865, 863, 862, 861, 856, 869, 867, 867, 868, 1410, 1223, 1219, 1270, 1227, 1212, 1210, 1209, 1202, 1209, 1208, 1247, 1202, 1204, 1205, 1199, 1223, 1201, 1206, 1194, 1209, 1207, 1197, 1176, 1159, 1163, 1165
64, 5.945589780807495, 5.958331108093262, 2 , 42.60246402253009, 0.046641441810930835, 0.029609353725646468, 0.474643372032344, 5.335892494391007, 0.33242380656035175, -1.1887913133399962e-06, 0.012534216997672341, 1004, 996, 1048, 1022, 978, 992, 996, 986, 1006, 1004, 1010, 1012, 984, 996, 1010, 1144, 1026, 1028, 1010, 1014, 1028, 1038, 1046, 964, 1020, 1030, 1014, 1006, 1002, 998, 1008, 1000, 1018, 1026, 1018, 1016, 1262, 1086, 1078, 1210, 1088, 1052, 1056, 1076, 1046, 1060, 1068, 1198, 1064, 1070, 1072, 1050, 1096, 1060, 1054, 1032, 1038, 1054, 1048, 1028, 1028, 1030, 1034
64, 6.023715496063232, 6.03635835647583, 3 , 42.60246402253009, 0.046641441810930835, 0.029609353725646468, 0.474643372032344, 5.335892494391007, 0.33242380656035175, -1.1887913133399962e-06, 0.012534216997672341, 1039, 1026, 1041, 1038, 1035, 1029, 1038, 1017, 1035, 1035, 1035, 1041, 1044, 1035, 1035, 1170, 1038, 1038, 1041, 1035, 1035, 1029, 1041, 978, 1038, 1041, 1041, 1032, 1035, 1029, 1041, 1023, 1035, 1041, 1035, 1026, 1041, 1032, 1038, 1164, 1041, 1041, 1035, 1035, 1038, 1035, 1029, 1164, 1032, 1035, 1038, 1038, 1041, 1032, 1038, 1020, 1035, 1035, 1026, 1038, 1029, 1026, 1035
64, 5.698068141937256, 5.710249185562134, 4 , 42.60246402253009, 0.046641441810930835, 0.029609353725646468, 0.474643372032344, 5.335892494391007, 0.33242380656035175, -1.1887913133399962e-06, 0.012534216997672341, 1036, 1020, 1040, 1032, 1028, 1032, 1040, 1016, 1040, 1024, 1032, 1040, 1036, 1028, 1040, 1196, 1048, 1040, 1032, 1036, 1028, 1032, 1036, 948, 1036, 1044, 1044, 1032, 1040, 1028, 1044, 1012, 1040, 1044, 1040, 1028, 1044, 1028, 1040, 1192, 1048, 1044, 1032, 1028, 1040, 1020, 1020, 1192, 1032, 1036, 1044, 1040, 1040, 1020, 1032, 1024, 1024, 1048, 1028, 1036, 1024, 1024, 1044
64, 5.702710151672363, 5.715932846069336, 5 , 42.60246402253009, 0.046641441810930835, 0.029609353725646468, 0.474643372032344, 5.335892494391007, 0.33242380656035175, -1.1887913133399962e-06, 0.012534216997672341, 1025, 1025, 1030, 1030, 1030, 1035, 1035, 1000, 1040, 1030, 1035, 1040, 1040, 1025, 1035, 1200, 1050, 1040, 1040, 1040, 1025, 1030, 1040, 945, 1045, 1035, 1040, 1035, 1036, 1025, 1045, 1015, 1035, 1045, 1045, 1035, 1040, 1040, 1045, 1200, 1040, 1040, 1040, 1030, 1030, 1020, 1025, 1200, 1040, 1030, 1035, 1035, 1045, 1015, 1035, 1015, 1030, 1035, 1020, 1040, 1040, 1025, 1045
64, 5.71448016166687, 5.727586507797241, 6 , 42.60246402253009, 0.046641441810930835, 0.029609353725646468, 0.474643372032344, 5.335892494391007, 0.33242380656035175, -1.1887913133399962e-06, 0.012534216997672341, 1032, 1026, 1038, 1038, 1032, 1026, 1032, 1008, 1044, 1026, 1038, 1044, 1042, 1032, 1032, 1194, 1050, 1038, 1038, 1038, 1038, 1032, 1044, 918, 1038, 1038, 1044, 1038, 1044, 1020, 1038, 1014, 1044, 1044, 1032, 1038, 1044, 1032, 1032, 1200, 1044, 1038, 1038, 1038, 1038, 1026, 1032, 1206, 1032, 1032, 1032, 1032, 1044, 1020, 1026, 1008, 1038, 1032, 1032, 1038, 1032, 1026, 1032
64, 5.77612829208374, 5.788795471191406, 7 , 42.60246402253009, 0.046641441810930835, 0.029609353725646468, 0.474643372032344, 5.335892494391007, 0.33242380656035175, -1.1887913133399962e-06, 0.012534216997672341, 1029, 1029, 1043, 1036, 1029, 1029, 1043, 1015, 1036, 1029, 1022, 1029, 1043, 1022, 1029, 1204, 1036, 1029, 1043, 1036, 1029, 1029, 1036, 931, 1022, 1036, 1043, 1036, 1050, 1022, 1050, 987, 1050, 1050, 1036, 1036, 1050, 1029, 1022, 1204, 1043, 1036, 1036, 1050, 1036, 1024, 1029, 1204, 1043, 1036, 1043, 1050, 1043, 1036, 1043, 1015, 1029, 1036, 1029, 1029, 1022, 1029, 1036
64, 5.728433609008789, 5.740644216537476, 8 , 42.60246402253009, 0.046641441810930835, 0.029609353725646468, 0.474643372032344, 5.335892494391007, 0.33242380656035175, -1.1887913133399962e-06, 0.012534216997672341, 1032, 1016, 1032, 1040, 1024, 1032, 1032, 1000, 1040, 1032, 1032, 1032, 1040, 1016, 1032, 1200, 1040, 1032, 1040, 1032, 1032, 1016, 1024, 936, 1040, 1040, 1032, 1032, 1040, 1024, 1032, 1016, 1040, 1048, 1040, 1040, 1048, 1040, 1032, 1200, 1048, 1040, 1040, 1040, 1040, 1032, 1024, 1192, 1040, 1040, 1048, 1048, 1040, 1032, 1040, 1008, 1032, 1040, 1032, 1048, 1040, 1032, 1032
64, 5.724408149719238, 5.737504243850708, 9 , 42.60246402253009, 0.046641441810930835, 0.029609353725646468, 0.474643372032344, 5.335892494391007, 0.33242380656035175, -1.1887913133399962e-06, 0.012534216997672341, 1026, 1035, 1026, 1035, 1026, 1026, 1035, 990, 1044, 1026, 1035, 1044, 1035, 1026, 1026, 1215, 1044, 1035, 1044, 1044, 1035, 1026, 1044, 927, 1035, 1044, 1044, 1035, 1044, 1026, 1044, 1008, 1035, 1044, 1026, 1026, 1044, 1044, 1026, 1215, 1053, 1035, 1026, 1026, 1035, 1035, 1026, 1215, 1035, 1035, 1053, 1035, 1035, 1035, 1035, 1008, 1026, 1035, 1026, 1035, 1035, 1035, 1033
64, 5.7300896644592285, 5.743271350860596, 10 , 42.60246402253009, 0.046641441810930835, 0.029609353725646468, 0.474643372032344, 5.335892494391007, 0.33242380656035175, -1.1887913133399962e-06, 0.012534216997672341, 1030, 1020, 1036, 1030, 1030, 1030, 1030, 1000, 1040, 1030, 1020, 1040, 1050, 1030, 1030, 1210, 1040, 1040, 1040, 1040, 1030, 1030, 1040, 930, 1040, 1040, 1030, 1040, 1030, 1020, 1040, 1000, 1040, 1040, 1030, 1030, 1050, 1030, 1040, 1210, 1040, 1030, 1030, 1040, 1040, 1030, 1020, 1200, 1040, 1040, 1050, 1040, 1050, 1030, 1040, 1010, 1030, 1040, 1040, 1040, 1040, 1030, 1030
64, 5.7325146198272705, 5.745069980621338, 11 , 42.60246402253009, 0.046641441810930835, 0.029609353725646468, 0.474643372032344, 5.335892494391007, 0.33242380656035175, -1.1887913133399962e-06, 0.012534216997672341, 1034, 1034, 1034, 1023, 1023, 1023, 1034, 990, 1023, 1023, 1023, 1023, 1034, 1023, 1023, 1221, 1045, 1045, 1045, 1045, 1034, 1034, 1034, 935, 1045, 1034, 1034, 1034, 1034, 1034, 1034, 1001, 1023, 1034, 1034, 1034, 1045, 1034, 1034, 1210, 1045, 1034, 1034, 1045, 1045, 1034, 1045, 1221, 1034, 1034, 1034, 1034, 1045, 1034, 1034, 1010, 1045, 1034, 1034, 1034, 1045, 1034, 1045
64, 5.731767416000366, 5.744179010391235, 12 , 42.60246402253009, 0.046641441810930835, 0.029609353725646468, 0.474643372032344, 5.335892494391007, 0.33242380656035175, -1.1887913133399962e-06, 0.012534216997672341, 1032, 1020, 1032, 1044, 1032, 1032, 1032, 996, 1032, 1020, 1020, 1032, 1032, 1032, 1032, 1212, 1044, 1032, 1044, 1032, 1044, 1020, 1032, 924, 1032, 1032, 1032, 1032, 1044, 1020, 1032, 996, 1044, 1044, 1032, 1032, 1032, 1032, 1032, 1224, 1044, 1044, 1044, 1044, 1032, 1032, 1032, 1212, 1032, 1032, 1044, 1044, 1056, 1032, 1044, 1008, 1044, 1044, 1032, 1044, 1032, 1024, 1044
64, 5.731773853302002, 5.7445666790008545, 13 , 42.60246402253009, 0.046641441810930835, 0.029609353725646468, 0.474643372032344, 5.335892494391007, 0.33242380656035175, -1.1887913133399962e-06, 0.012534216997672341, 1027, 1027, 1027, 1027, 1027, 1027, 1027, 1001, 1027, 1027, 1014, 1027, 1043, 1014, 1040, 1209, 1053, 1040, 1040, 1040, 1040, 1027, 1040, 923, 1040, 1040, 1040, 1040, 1040, 1014, 1040, 1014, 1027, 1040, 1027, 1027, 1040, 1040, 1027, 1209, 1040, 1027, 1040, 1040, 1040, 1053, 1027, 1209, 1040, 1040, 1040, 1040, 1040, 1040, 1040, 1014, 1040, 1040, 1040, 1040, 1040, 1027, 1040
64, 5.739297151565552, 5.751374959945679, 14 , 42.60246402253009, 0.046641441810930835, 0.029609353725646468, 0.474643372032344, 5.335892494391007, 0.33242380656035175, -1.1887913133399962e-06, 0.012534216997672341, 1036, 1022, 1036, 1036, 1036, 1022, 1036, 994, 1036, 1022, 1022, 1036, 1036, 1022, 1022, 1218, 1036, 1036, 1036, 1036, 1036, 1022, 1036, 938, 1036, 1036, 1036, 1036, 1036, 1022, 1036, 1008, 1036, 1036, 1036, 1036, 1036, 1036, 1036, 1218, 1050, 1036, 1036, 1036, 1036, 1036, 1022, 1218, 1036, 1036, 1036, 1036, 1050, 1024, 1050, 1008, 1036, 1036, 1036, 1050, 1036, 1036, 1036
64, 5.733264923095703, 5.746042966842651, 15 , 42.60246402253009, 0.046641441810930835, 0.029609353725646468, 0.474643372032344, 5.335892494391007, 0.33242380656035175, -1.1887913133399962e-06, 0.012534216997672341, 1035, 1020, 1035, 1050, 1035, 1035, 1035, 1005, 1035, 1020, 1020, 1035, 1035, 1035, 1035, 1230, 1021, 1035, 1035, 1020, 1020, 1020, 1035, 930, 1035, 1035, 1035, 1035, 1035, 1020, 1035, 1005, 1035, 1035, 1035, 1035, 1035, 1035, 1035, 1230, 1035, 1035, 1035, 1035, 1050, 1050, 1035, 1230, 1035, 1035, 1050, 1035, 1050, 1020, 1035, 1005, 1035, 1035, 1035, 1050, 1035, 1020, 1035
64, 5.737259864807129, 5.749221086502075, 16 , 42.60246402253009, 0.046641441810930835, 0.029609353725646468, 0.474643372032344, 5.335892494391007, 0.33242380656035175, -1.1887913133399962e-06, 0.012534216997672341, 1040, 1024, 1040, 1040, 1040, 1024, 1024, 1008, 1024, 1024, 1024, 1040, 1040, 1024, 1024, 1216, 1040, 1024, 1024, 1024, 1024, 1024, 1024, 928, 1024, 1040, 1040, 1040, 1040, 1024, 1040, 1008, 1040, 1040, 1024, 1024, 1040, 1040, 1040, 1232, 1040, 1040, 1040, 1040, 1040, 1040, 1024, 1232, 1040, 1040, 1040, 1040, 1040, 1024, 1040, 1008, 1040, 1040, 1040, 1040, 1040, 1024, 1040
64, 5.705043792724609, 5.717608451843262, 17 , 42.60246402253009, 0.046641441810930835, 0.029609353725646468, 0.474643372032344, 5.335892494391007, 0.33242380656035175, -1.1887913133399962e-06, 0.012534216997672341, 1037, 1020, 1037, 1037, 1020, 1020, 1037, 987, 1037, 1020, 1020, 1037, 1037, 1020, 1037, 1224, 1037, 1037, 1037, 1037, 1037, 1020, 1037, 935, 1037, 1037, 1037, 1037, 1037, 1020, 1037, 1003, 1037, 1037, 1020, 1020, 1037, 1037, 1037, 1224, 1037, 1037, 1037, 1037, 1037, 1037, 1037, 1224, 1037, 1037, 1037, 1037, 1054, 1037, 1037, 1003, 1037, 1037, 1037, 1054, 1037, 1037, 1037
64, 5.7495222091674805, 5.761862277984619, 18 , 42.60246402253009, 0.046641441810930835, 0.029609353725646468, 0.474643372032344, 5.335892494391007, 0.33242380656035175, -1.1887913133399962e-06, 0.012534216997672341, 1026, 1026, 1026, 1044, 1026, 1026, 1026, 990, 1026, 1026, 1026, 1026, 1044, 1026, 1026, 1224, 1044, 1026, 1044, 1026, 1026, 1026, 1044, 936, 1044, 1044, 1042, 1026, 1026, 1026, 1026, 1008, 1026, 1044, 1026, 1026, 1044, 1044, 1026, 1224, 1044, 1026, 1044, 1044, 1044, 1044, 1026, 1224, 1026, 1044, 1044, 1044, 1044, 1026, 1044, 1008, 1026, 1044, 1044, 1044, 1044, 1026, 1044
64, 5.7180235385894775, 5.730583429336548, 19 , 42.60246402253009, 0.046641441810930835, 0.029609353725646468, 0.474643372032344, 5.335892494391007, 0.33242380656035175, -1.1887913133399962e-06, 0.012534216997672341, 1026, 1026, 1026, 1026, 1026, 1026, 1026, 1007, 1026, 1026, 1026, 1026, 1031, 1026, 1026, 1235, 1045, 1026, 1026, 1026, 1026, 1026, 1045, 950, 1026, 1045, 1045, 1026, 1045, 1026, 1045, 1007, 1026, 1026, 1026, 1026, 1045, 1045, 1026, 1235, 1045, 1026, 1026, 1045, 1026, 1045, 1026, 1235, 1045, 1045, 1045, 1045, 1045, 1026, 1045, 1007, 1045, 1026, 1026, 1045, 1045, 1026, 1045
64, 5.750145435333252, 5.762923955917358, 20 , 42.60246402253009, 0.046641441810930835, 0.029609353725646468, 0.474643372032344, 5.335892494391007, 0.33242380656035175, -1.1887913133399962e-06, 0.012534216997672341, 1040, 1000, 1040, 1020, 1040, 1020, 1040, 1020, 1040, 1020, 1020, 1040, 1040, 1020, 1040, 1240, 1040, 1040, 1020, 1020, 1036, 1020, 1020, 940, 1020, 1020, 1020, 1020, 1020, 1020, 1020, 1020, 1020, 1040, 1020, 1020, 1040, 1040, 1020, 1240, 1040, 1040, 1040, 1040, 1040, 1040, 1040, 1240, 1020, 1040, 1040, 1040, 1040, 1040, 1040, 1020, 1040, 1060, 1040, 1060, 1040, 1040, 1040
64, 5.711885452270508, 5.724002122879028, 21 , 42.60246402253009, 0.046641441810930835, 0.029609353725646468, 0.474643372032344, 5.335892494391007, 0.33242380656035175, -1.1887913133399962e-06, 0.012534216997672341, 1029, 1029, 1029, 1029, 1029, 1029, 1029, 1008, 1029, 1029, 1029, 1029, 1029, 1029, 1029, 1239, 1050, 1029, 1045, 1029, 1029, 1029, 1029, 945, 1029, 1029, 1029, 1029, 1029, 1008, 1029, 1008, 1029, 1029, 1029, 1029, 1029, 1050, 1029, 1260, 1050, 1029, 1029, 1029, 1029, 1029, 1029, 1260, 1029, 1050, 1050, 1029, 1050, 1029, 1050, 1029, 1029, 1029, 1029, 1050, 1029, 1029, 1029
64, 5.750700950622559, 5.7633957862854, 22 , 42.60246402253009, 0.046641441810930835, 0.029609353725646468, 0.474643372032344, 5.335892494391007, 0.33242380656035175, -1.1887913133399962e-06, 0.012534216997672341, 1034, 1012, 1034, 1034, 1034, 1034, 1034, 1012, 1034, 1012, 1034, 1034, 1034, 1012, 1012, 1254, 1034, 1032, 1012, 1012, 1012, 1012, 1012, 946, 1034, 1034, 1034, 1034, 1034, 1034, 1034, 1012, 1034, 1034, 1034, 1034, 1034, 1034, 1034, 1254, 1056, 1034, 1034, 1034, 1034, 1034, 1034, 1254, 1034, 1034, 1034, 1034, 1034, 1034, 1056, 1012, 1034, 1056, 1034, 1056, 1034, 1034, 1034
64, 5.721672058105469, 5.733911037445068, 23 , 42.60246402253009, 0.046641441810930835, 0.029609353725646468, 0.474643372032344, 5.335892494391007, 0.33242380656035175, -1.1887913133399962e-06, 0.012534216997672341, 1035, 1012, 1035, 1035, 1035, 1035, 1035, 989, 1035, 1035, 1012, 1035, 1035, 1012, 1035, 1242, 1035, 1012, 1012, 1035, 1012, 1012, 1035, 943, 1035, 1035, 1035, 1035, 1035, 1012, 1035, 1012, 1035, 1035, 1035, 1035, 1035, 1035, 1035, 1265, 1035, 1035, 1035, 1035, 1035, 1035, 1035, 1251, 1035, 1035, 1035, 1035, 1035, 1035, 1058, 1012, 1035, 1035, 1035, 1058, 1035, 1035, 1035
64, 5.746143341064453, 5.758525609970093, 24 , 42.60246402253009, 0.046641441810930835, 0.029609353725646468, 0.474643372032344, 5.335892494391007, 0.33242380656035175, -1.1887913133399962e-06, 0.012534216997672341, 1032, 1024, 1032, 1032, 1032, 1032, 1032, 1008, 1032, 1008, 1032, 1032, 1032, 1032, 1032, 1248, 1032, 1032, 1032, 1008, 1032, 1008, 1032, 936, 1032, 1032, 1032, 1008, 1032, 1008, 1032, 1008, 1056, 1032, 1032, 1032, 1032, 1032, 1032, 1248, 1056, 1032, 1032, 1032, 1032, 1032, 1032, 1248, 1032, 1032, 1032, 1056, 1056, 1032, 1032, 1008, 1032, 1056, 1032, 1056, 1032, 1032, 1056
64, 5.720707893371582, 5.733277082443237, 25 , 42.60246402253009, 0.046641441810930835, 0.029609353725646468, 0.474643372032344, 5.335892494391007, 0.33242380656035175, -1.1887913133399962e-06, 0.012534216997672341, 1025, 1025, 1025, 1025, 1025, 1025, 1025, 1000, 1025, 1025, 1025, 1025, 1036, 1025, 1025, 1250, 1050, 1025, 1025, 1025, 1025, 1025, 1050, 950, 1025, 1025, 1025, 1025, 1025, 1025, 1025, 1000, 1025, 1025, 1025, 1025, 1025, 1025, 1025, 1250, 1050, 1025, 1050, 1050, 1050, 1025, 1025, 1250, 1025, 1050, 1025, 1050, 1050, 1025, 1050, 1025, 1050, 1050, 1050, 1050, 1050, 1025, 1050
64, 5.7552406787872314, 5.767128944396973, 26 , 42.60246402253009, 0.046641441810930835, 0.029609353725646468, 0.474643372032344, 5.335892494391007, 0.33242380656035175, -1.1887913133399962e-06, 0.012534216997672341, 1040, 1014, 1014, 1040, 1014, 1014, 1040, 988, 1030, 1014, 1040, 1040, 1040, 1014, 1014, 1248, 1040, 1014, 1040, 1014, 1014, 1014, 1014, 936, 1040, 1040, 1040, 1014, 1014, 1014, 1040, 1014, 1040, 1040, 1040, 1014, 1040, 1014, 1040, 1274, 1066, 1040, 1040, 1040, 1040, 1040, 1040, 1274, 1014, 1040, 1040, 1040, 1040, 1040, 1040, 1014, 1040, 1040, 1014, 1066, 1040, 1040, 1040
64, 5.71947455406189, 5.731823921203613, 27 , 42.60246402253009, 0.046641441810930835, 0.029609353725646468, 0.474643372032344, 5.335892494391007, 0.33242380656035175, -1.1887913133399962e-06, 0.012534216997672341, 1026, 1026, 1026, 1026, 1026, 1026, 1026, 999, 1026, 1026, 1026, 1026, 1026, 1026, 1026, 1269, 1026, 1026, 999, 1026, 1026, 1026, 1026, 918, 1053, 1026, 1053, 1026, 1053, 1026, 1053, 1026, 1033, 1026, 1026, 1026, 1026, 1026, 1026, 1269, 1026, 1026, 1026, 1026, 1026, 1026, 1026, 1269, 1026, 1053, 1053, 1053, 1026, 1026, 1053, 1026, 1053, 1053, 1026, 1053, 1053, 1026, 1026
64, 5.755204439163208, 5.768649578094482, 28 , 42.60246402253009, 0.046641441810930835, 0.029609353725646468, 0.474643372032344, 5.335892494391007, 0.33242380656035175, -1.1887913133399962e-06, 0.012534216997672341, 1036, 1008, 1036, 1036, 1036, 1036, 1036, 1008, 1036, 1008, 1024, 1036, 1036, 1008, 1036, 1260, 1036, 1036, 1036, 1008, 1036, 1008, 1036, 924, 1036, 1008, 1036, 1008, 1008, 1008, 1008, 1008, 1036, 1036, 1008, 1008, 1036, 1036, 1036, 1288, 1064, 1036, 1036, 1036, 1036, 1036, 1036, 1288, 1036, 1036, 1036, 1036, 1036, 1036, 1036, 1008, 1036, 1064, 1036, 1064, 1036, 1036, 1036
64, 5.7247395515441895, 5.7370240688323975, 29 , 42.60246402253009, 0.046641441810930835, 0.029609353725646468, 0.474643372032344, 5.335892494391007, 0.33242380656035175, -1.1887913133399962e-06, 0.012534216997672341, 1044, 1015, 1044, 1015, 1015, 1015, 1044, 1015, 1015, 1015, 1015, 1015, 1044, 1015, 1015, 1247, 1040, 1015, 1015, 1015, 1015, 1015, 1015, 928, 1015, 1044, 1044, 1015, 1044, 1015, 1044, 1015, 1044, 1044, 1015, 1044, 1044, 1044, 1044, 1276, 1044, 1015, 1015, 1044, 1044, 1044, 1044, 1276, 1044, 1044, 1044, 1044, 1044, 1044, 1044, 1015, 1044, 1044, 1015, 1044, 1044, 1015, 1044
64, 5.770654201507568, 5.783361196517944, 30 , 42.60246402253009, 0.046641441810930835, 0.029609353725646468, 0.474643372032344, 5.335892494391007, 0.33242380656035175, -1.1887913133399962e-06, 0.012534216997672341, 1020, 1020, 1020, 1050, 1020, 1020, 1020, 1020, 1020, 1020, 1020, 1050, 1020, 1020, 1020, 1260, 1050, 1020, 1020, 1020, 1020, 1020, 1020, 946, 1020, 1020, 1020, 1020, 1020, 1020, 1020, 1020, 1050, 1050, 1020, 1020, 1050, 1020, 1020, 1290, 1050, 1020, 1020, 1020, 1050, 1050, 1020, 1290, 1020, 1050, 1020, 1050, 1050, 1020, 1050, 1020, 1050, 1050, 1050, 1050, 1050, 1020, 1050
64, 5.727997779846191, 5.740289211273193, 31 , 42.60246402253009, 0.046641441810930835, 0.029609353725646468, 0.474643372032344, 5.335892494391007, 0.33242380656035175, -1.1887913133399962e-06, 0.012534216997672341, 1023, 1023, 1023, 1023, 1023, 1023, 1023, 1023, 1023, 1023, 1023, 1054, 1023, 1023, 1023, 1271, 1054, 1023, 1023, 1023, 1023, 1023, 1023, 930, 1023, 1023, 1023, 1023, 1023, 1023, 1023, 1023, 1023, 1023, 1023, 1023, 1023, 1023, 1023, 1271, 1054, 1023, 1054, 1023, 1054, 1054, 1023, 1271, 1023, 1054, 1054, 1054, 1025, 1023, 1054, 1023, 1054, 1023, 1023, 1054, 1054, 1023, 1054
64, 5.793524265289307, 5.806131839752197, 32 , 42.60246402253009, 0.046641441810930835, 0.029609353725646468, 0.474643372032344, 5.335892494391007, 0.33242380656035175, -1.1887913133399962e-06, 0.012534216997672341, 1024, 1024, 1024, 1056, 1024, 1024, 1024, 1024, 1024, 1024, 1024, 1024, 1024, 1024, 1024, 1280, 1024, 1024, 1024, 1024, 1024, 1024, 1024, 960, 1024, 1024, 1024, 1024, 1024, 1024, 1024, 1024, 1024, 1024, 1024, 1024, 1056, 1024, 1056, 1280, 1056, 1024, 1024, 1024, 1024, 1024, 1024, 1280, 1024, 1024, 1056, 1056, 1024, 1024, 1024, 1024, 1024, 1056, 1024, 1056, 1056, 1024, 1056
64, 5.731011152267456, 5.743219614028931, 33 , 42.60246402253009, 0.046641441810930835, 0.029609353725646468, 0.474643372032344, 5.335892494391007, 0.33242380656035175, -1.1887913133399962e-06, 0.012534216997672341, 1023, 1023, 1023, 1023, 1023, 1023, 1023, 1023, 1023, 1023, 1023, 1023, 1023, 1023, 1023, 1285, 1023, 1023, 1023, 1023, 1023, 1023, 1023, 924, 1056, 1023, 1023, 1023, 1023, 1023, 1056, 1023, 1056, 1023, 1023, 1056, 1023, 1023, 1023, 1287, 1023, 1023, 1023, 1023, 1023, 1023, 1023, 1287, 1023, 1056, 1056, 1056, 1023, 1023, 1056, 1023, 1056, 1023, 1023, 1056, 1056, 1023, 1056
64, 5.774109601974487, 5.787450790405273, 34 , 42.60246402253009, 0.046641441810930835, 0.029609353725646468, 0.474643372032344, 5.335892494391007, 0.33242380656035175, -1.1887913133399962e-06, 0.012534216997672341, 1020, 1020, 1020, 1054, 1020, 1020, 1020, 1020, 1054, 1020, 1020, 1054, 1054, 1020, 1020, 1258, 1038, 1020, 1020, 1020, 1020, 1020, 1020, 952, 1020, 1020, 1020, 1020, 1020, 1020, 1020, 1020, 1020, 1020, 1020, 1020, 1020, 1020, 1020, 1292, 1054, 1020, 1054, 1020, 1054, 1020, 1020, 1292, 1020, 1054, 1054, 1054, 1054, 1020, 1020, 1020, 1054, 1054, 1020, 1054, 1054, 1020, 1054
64, 5.73356294631958, 5.745851278305054, 35 , 42.60246402253009, 0.046641441810930835, 0.029609353725646468, 0.474643372032344, 5.335892494391007, 0.33242380656035175, -1.1887913133399962e-06, 0.012534216997672341, 1050, 1015, 1050, 1015, 1015, 1015, 1015, 1015, 1015, 1015, 1015, 1015, 1015, 1015, 1015, 1260, 1015, 1015, 1015, 1015, 1015, 1015, 1050, 945, 1050, 1050, 1050, 1050, 1050, 1015, 1050, 1015, 1050, 1050, 1015, 1050, 1050, 1015, 1015, 1260, 1050, 1015, 1015, 1015, 1015, 1015, 1015, 1260, 1050, 1050, 1050, 1050, 1050, 1050, 1050, 1015, 1050, 1050, 1015, 1050, 1050, 1031, 1050
64, 5.77514123916626, 5.787756681442261, 36 , 42.60246402253009, 0.046641441810930835, 0.029609353725646468, 0.474643372032344, 5.335892494391007, 0.33242380656035175, -1.1887913133399962e-06, 0.012534216997672341, 1008, 1008, 1008, 1044, 1008, 1008, 1008, 1008, 1044, 1008, 1008, 1044, 1024, 1008, 1008, 1260, 1044, 1044, 1008, 1008, 1044, 1008, 1044, 936, 1044, 1008, 1008, 1008, 1008, 1008, 1008, 1008, 1044, 1044, 1044, 1008, 1044, 1044, 1044, 1260, 1044, 1044, 1044, 1044, 1044, 1044, 1044, 1260, 1044, 1044, 1044, 1044, 1044, 1044, 1044, 1044, 1044, 1044, 1044, 1080, 1044, 1044, 1044
64, 5.7706663608551025, 5.78260612487793, 37 , 42.60246402253009, 0.046641441810930835, 0.029609353725646468, 0.474643372032344, 5.335892494391007, 0.33242380656035175, -1.1887913133399962e-06, 0.012534216997672341, 1036, 999, 1036, 999, 1036, 999, 1036, 999, 1036, 1036, 999, 1036, 1036, 999, 999, 1258, 1036, 999, 999, 1036, 1008, 1036, 1036, 925, 1036, 1036, 1036, 999, 1036, 1036, 1036, 999, 1036, 1036, 1036, 1036, 1036, 1036, 1036, 1258, 1036, 1036, 1036, 1036, 1036, 1036, 1036, 1258, 1036, 1036, 1073, 1073, 1073, 1036, 1073, 1036, 1036, 1036, 1036, 1036, 1036, 1036, 1036
64, 5.77308988571167, 5.785179853439331, 38 , 42.60246402253009, 0.046641441810930835, 0.029609353725646468, 0.474643372032344, 5.335892494391007, 0.33242380656035175, -1.1887913133399962e-06, 0.012534216997672341, 1026, 988, 1026, 1026, 1026, 1026, 1026, 988, 1026, 1026, 1026, 1026, 1026, 1026, 1026, 1292, 1026, 1026, 1026, 1026, 1026, 1026, 1026, 950, 1026, 1026, 1026, 1026, 1026, 1026, 1026, 988, 1026, 1026, 1026, 1026, 1026, 1026, 1026, 1292, 1026, 1026, 1026, 1026, 1026, 1026, 1026, 1292, 1026, 1026, 1050, 1064, 1064, 1026, 1064, 1026, 1026, 1064, 1026, 1064, 1064, 1026, 1064
64, 5.727627515792847, 5.73960280418396, 39 , 42.60246402253009, 0.046641441810930835, 0.029609353725646468, 0.474643372032344, 5.335892494391007, 0.33242380656035175, -1.1887913133399962e-06, 0.012534216997672341, 1014, 1014, 1030, 1014, 1014, 1014, 1014, 1014, 1014, 1014, 1014, 1014, 1053, 1014, 1014, 1287, 1053, 1014, 1014, 1053, 1014, 1014, 1053, 936, 1053, 1014, 1053, 1014, 1053, 1014, 1053, 1014, 1014, 1014, 1014, 1014, 1014, 1014, 1014, 1287, 1053, 1014, 1014, 1014, 1053, 1053, 1014, 1287, 1053, 1053, 1053, 1053, 1053, 1014, 1053, 1014, 1053, 1053, 1053, 1053, 1053, 1014, 1053
